Watching for file changes with StatReloader
Waiting for apps ready_event.
Main Django thread has terminated before apps are ready.
Apps ready_event triggered. Sending autoreload_started signal.
File /home/bhagyarsh/.local/lib/python3.7/site-packages/django/utils/numberformat.py first seen with mtime 1602187084.0432813
File /home/bhagyarsh/.local/lib/python3.7/site-packages/django/contrib/admin/templatetags/__init__.py first seen with mtime 1602187083.7466147
File /home/bhagyarsh/anaconda3/lib/python3.7/_compat_pickle.py first seen with mtime 1578513934.0
File /home/bhagyarsh/anaconda3/lib/python3.7/queue.py first seen with mtime 1578513934.0
File /home/bhagyarsh/.local/lib/python3.7/site-packages/django/utils/functional.py first seen with mtime 1602187084.0432813
File /home/bhagyarsh/.local/lib/python3.7/site-packages/django/utils/topological_sort.py first seen with mtime 1602187084.0466146
File /home/bhagyarsh/anaconda3/lib/python3.7/site-packages/jinja2/nodes.py first seen with mtime 1580834289.0
File /home/bhagyarsh/anaconda3/lib/python3.7/getpass.py first seen with mtime 1578513934.0
File /home/bhagyarsh/anaconda3/lib/python3.7/email/__init__.py first seen with mtime 1578513938.0
File /home/bhagyarsh/anaconda3/lib/python3.7/html/entities.py first seen with mtime 1578513938.0
File /home/bhagyarsh/.local/lib/python3.7/site-packages/django/core/serializers/json.py first seen with mtime 1602187084.0032814
File /home/bhagyarsh/.local/lib/python3.7/site-packages/django/db/models/query_utils.py first seen with mtime 1602187084.019948
File /home/bhagyarsh/anaconda3/lib/python3.7/email/generator.py first seen with mtime 1578513938.0
File /home/bhagyarsh/.local/lib/python3.7/site-packages/django/core/files/storage.py first seen with mtime 1602187083.9966147
File /home/bhagyarsh/anaconda3/lib/python3.7/email/mime/base.py first seen with mtime 1578513938.0
File /home/bhagyarsh/anaconda3/lib/python3.7/lzma.py first seen with mtime 1578513934.0
File /home/bhagyarsh/anaconda3/lib/python3.7/lib-dynload/termios.cpython-37m-x86_64-linux-gnu.so first seen with mtime 1578513968.0
File /home/bhagyarsh/.local/lib/python3.7/site-packages/django/contrib/admin/widgets.py first seen with mtime 1602187083.6566148
File /home/bhagyarsh/.local/lib/python3.7/site-packages/asgiref/__init__.py first seen with mtime 1602187083.536615
File /home/bhagyarsh/.local/lib/python3.7/site-packages/django/db/models/functions/__init__.py first seen with mtime 1602187084.019948
File /home/bhagyarsh/.local/lib/python3.7/site-packages/django/utils/termcolors.py first seen with mtime 1602187084.0432813
File /home/bhagyarsh/.local/lib/python3.7/site-packages/django/db/models/expressions.py first seen with mtime 1602187084.0166147
File /home/bhagyarsh/.local/lib/python3.7/site-packages/django/db/utils.py first seen with mtime 1602187084.0066147
File /home/bhagyarsh/anaconda3/lib/python3.7/site-packages/pytz/__init__.py first seen with mtime 1570462740.0
File /home/bhagyarsh/anaconda3/lib/python3.7/site-packages/jinja2/filters.py first seen with mtime 1580834289.0
File /home/bhagyarsh/.local/lib/python3.7/site-packages/django/utils/http.py first seen with mtime 1602187084.0432813
File /home/bhagyarsh/.local/lib/python3.7/site-packages/django/forms/__init__.py first seen with mtime 1602187084.0232813
File /home/bhagyarsh/anaconda3/lib/python3.7/email/mime/multipart.py first seen with mtime 1578513938.0
File /home/bhagyarsh/anaconda3/lib/python3.7/importlib/abc.py first seen with mtime 1578513937.0
File /home/bhagyarsh/.local/lib/python3.7/site-packages/django/utils/formats.py first seen with mtime 1602187084.0432813
File /home/bhagyarsh/.local/lib/python3.7/site-packages/django/db/migrations/exceptions.py first seen with mtime 1602187084.0132813
File /home/bhagyarsh/.local/lib/python3.7/site-packages/django/core/cache/__init__.py first seen with mtime 1602187083.9932814
File /home/bhagyarsh/anaconda3/lib/python3.7/_compression.py first seen with mtime 1578513934.0
File /home/bhagyarsh/anaconda3/lib/python3.7/lib-dynload/math.cpython-37m-x86_64-linux-gnu.so first seen with mtime 1578513968.0
File /home/bhagyarsh/.local/lib/python3.7/site-packages/django/db/models/deletion.py first seen with mtime 1602187084.0166147
File /home/bhagyarsh/.local/lib/python3.7/site-packages/django/core/checks/__init__.py first seen with mtime 1602187083.9966147
File /home/bhagyarsh/.local/lib/python3.7/site-packages/django/template/library.py first seen with mtime 1602187084.0332813
File /home/bhagyarsh/.local/lib/python3.7/site-packages/django/core/mail/message.py first seen with mtime 1602187083.999948
File /home/bhagyarsh/anaconda3/lib/python3.7/re.py first seen with mtime 1578513934.0
File /home/bhagyarsh/.local/lib/python3.7/site-packages/django/db/models/functions/window.py first seen with mtime 1602187084.0232813
File /home/bhagyarsh/.local/lib/python3.7/site-packages/django/utils/lorem_ipsum.py first seen with mtime 1602187084.0432813
File /home/bhagyarsh/anaconda3/lib/python3.7/argparse.py first seen with mtime 1578513934.0
File /home/bhagyarsh/.local/lib/python3.7/site-packages/django/db/models/utils.py first seen with mtime 1602187084.019948
File /home/bhagyarsh/anaconda3/lib/python3.7/email/mime/text.py first seen with mtime 1578513938.0
File /home/bhagyarsh/anaconda3/lib/python3.7/email/mime/message.py first seen with mtime 1578513938.0
File /home/bhagyarsh/.local/lib/python3.7/site-packages/django/core/management/base.py first seen with mtime 1602187083.999948
File /home/bhagyarsh/.local/lib/python3.7/site-packages/django/urls/converters.py first seen with mtime 1602187084.039948
File /home/bhagyarsh/.local/lib/python3.7/site-packages/django/conf/__init__.py first seen with mtime 1602187083.5932815
File /home/bhagyarsh/anaconda3/lib/python3.7/concurrent/futures/__init__.py first seen with mtime 1578513937.0
File /home/bhagyarsh/anaconda3/lib/python3.7/uu.py first seen with mtime 1578513934.0
File /home/bhagyarsh/anaconda3/lib/python3.7/asyncio/locks.py first seen with mtime 1578513937.0
File /home/bhagyarsh/.local/lib/python3.7/site-packages/django/core/files/uploadhandler.py first seen with mtime 1602187083.9966147
File /home/bhagyarsh/anaconda3/lib/python3.7/site-packages/jinja2/loaders.py first seen with mtime 1580834289.0
File /home/bhagyarsh/.local/lib/python3.7/site-packages/django/template/base.py first seen with mtime 1602187084.0332813
File /home/bhagyarsh/anaconda3/lib/python3.7/asyncio/constants.py first seen with mtime 1578513937.0
File /home/bhagyarsh/anaconda3/lib/python3.7/site-packages/jinja2/bccache.py first seen with mtime 1580834289.0
File /home/bhagyarsh/anaconda3/lib/python3.7/http/cookies.py first seen with mtime 1578513938.0
File /home/bhagyarsh/anaconda3/lib/python3.7/gzip.py first seen with mtime 1578513934.0
File /home/bhagyarsh/anaconda3/lib/python3.7/lib-dynload/_asyncio.cpython-37m-x86_64-linux-gnu.so first seen with mtime 1578513968.0
File /home/bhagyarsh/anaconda3/lib/python3.7/gettext.py first seen with mtime 1578513934.0
File /home/bhagyarsh/.local/lib/python3.7/site-packages/django/contrib/staticfiles/__init__.py first seen with mtime 1602187083.9932814
File /home/bhagyarsh/.local/lib/python3.7/site-packages/django/utils/baseconv.py first seen with mtime 1602187084.039948
File /home/bhagyarsh/anaconda3/lib/python3.7/encodings/aliases.py first seen with mtime 1578513937.0
File /home/bhagyarsh/anaconda3/lib/python3.7/posixpath.py first seen with mtime 1578513934.0
File /home/bhagyarsh/.local/lib/python3.7/site-packages/django/db/models/fields/related_lookups.py first seen with mtime 1602187084.019948
File /home/bhagyarsh/.local/lib/python3.7/site-packages/django/core/exceptions.py first seen with mtime 1602187083.9932814
File /home/bhagyarsh/anaconda3/lib/python3.7/copyreg.py first seen with mtime 1578513934.0
File /home/bhagyarsh/anaconda3/lib/python3.7/_bootlocale.py first seen with mtime 1578513934.0
File /home/bhagyarsh/.local/lib/python3.7/site-packages/django/contrib/contenttypes/checks.py first seen with mtime 1602187083.8066149
File /home/bhagyarsh/.local/lib/python3.7/site-packages/django/core/management/commands/runserver.py first seen with mtime 1602187084.0032814
File /home/bhagyarsh/Desktop/Gmap/src/gmap/settings.py first seen with mtime 1610187494.4556987
File /home/bhagyarsh/anaconda3/lib/python3.7/pprint.py first seen with mtime 1578513934.0
File /home/bhagyarsh/.local/lib/python3.7/site-packages/django/utils/hashable.py first seen with mtime 1602187084.0432813
File /home/bhagyarsh/.local/lib/python3.7/site-packages/django/utils/deprecation.py first seen with mtime 1602187084.0432813
File /home/bhagyarsh/.local/lib/python3.7/site-packages/django/core/checks/security/csrf.py first seen with mtime 1602187083.9966147
File /home/bhagyarsh/.local/lib/python3.7/site-packages/django/db/models/base.py first seen with mtime 1602187084.0166147
File /home/bhagyarsh/anaconda3/lib/python3.7/http/server.py first seen with mtime 1578513938.0
File /home/bhagyarsh/Desktop/Gmap/src/manage.py first seen with mtime 1609636463.9899797
File /home/bhagyarsh/.local/lib/python3.7/site-packages/django/forms/renderers.py first seen with mtime 1602187084.0266147
File /home/bhagyarsh/.local/lib/python3.7/site-packages/django/db/models/fields/reverse_related.py first seen with mtime 1602187084.019948
File /home/bhagyarsh/.local/lib/python3.7/site-packages/django/http/__init__.py first seen with mtime 1602187084.029948
File /home/bhagyarsh/anaconda3/lib/python3.7/_sitebuiltins.py first seen with mtime 1578513934.0
File /home/bhagyarsh/anaconda3/lib/python3.7/decimal.py first seen with mtime 1578513934.0
File /home/bhagyarsh/.local/lib/python3.7/site-packages/django/contrib/__init__.py first seen with mtime 1602187083.6566148
File /home/bhagyarsh/anaconda3/lib/python3.7/email/contentmanager.py first seen with mtime 1578513938.0
File /home/bhagyarsh/anaconda3/lib/python3.7/http/client.py first seen with mtime 1578513938.0
File /home/bhagyarsh/anaconda3/lib/python3.7/collections/__init__.py first seen with mtime 1578513937.0
File /home/bhagyarsh/.local/lib/python3.7/site-packages/django/core/checks/security/sessions.py first seen with mtime 1602187083.9966147
File /home/bhagyarsh/anaconda3/lib/python3.7/contextvars.py first seen with mtime 1578513934.0
File /home/bhagyarsh/.local/lib/python3.7/site-packages/django/contrib/admin/helpers.py first seen with mtime 1602187083.6566148
File /home/bhagyarsh/anaconda3/lib/python3.7/email/headerregistry.py first seen with mtime 1578513938.0
File /home/bhagyarsh/.local/lib/python3.7/site-packages/django/contrib/messages/api.py first seen with mtime 1602187083.909948
File /home/bhagyarsh/.local/lib/python3.7/site-packages/django/core/files/images.py first seen with mtime 1602187083.9966147
File /home/bhagyarsh/anaconda3/lib/python3.7/site-packages/jinja2/utils.py first seen with mtime 1580834289.0
File /home/bhagyarsh/anaconda3/lib/python3.7/token.py first seen with mtime 1578513934.0
File /home/bhagyarsh/.local/lib/python3.7/site-packages/django/db/models/sql/__init__.py first seen with mtime 1602187084.0232813
File /home/bhagyarsh/anaconda3/lib/python3.7/logging/config.py first seen with mtime 1578513938.0
File /home/bhagyarsh/.local/lib/python3.7/site-packages/django/db/migrations/operations/base.py first seen with mtime 1602187084.0166147
File /home/bhagyarsh/.local/lib/python3.7/site-packages/django/urls/__init__.py first seen with mtime 1602187084.039948
File /home/bhagyarsh/.local/lib/python3.7/site-packages/django/template/response.py first seen with mtime 1602187084.0366147
File /home/bhagyarsh/anaconda3/lib/python3.7/socketserver.py first seen with mtime 1578513934.0
File /home/bhagyarsh/.local/lib/python3.7/site-packages/django/utils/dateparse.py first seen with mtime 1602187084.039948
File /home/bhagyarsh/anaconda3/lib/python3.7/asyncio/subprocess.py first seen with mtime 1578513937.0
File /home/bhagyarsh/.local/lib/python3.7/site-packages/django/template/backends/django.py first seen with mtime 1602187084.0366147
File /home/bhagyarsh/.local/lib/python3.7/site-packages/django/db/models/sql/subqueries.py first seen with mtime 1602187084.0232813
File /home/bhagyarsh/.local/lib/python3.7/site-packages/asgiref/local.py first seen with mtime 1602187083.536615
File /home/bhagyarsh/anaconda3/lib/python3.7/stat.py first seen with mtime 1578513934.0
File /home/bhagyarsh/.local/lib/python3.7/site-packages/django/db/models/indexes.py first seen with mtime 1602187084.0166147
File /home/bhagyarsh/.local/lib/python3.7/site-packages/django/core/handlers/wsgi.py first seen with mtime 1602187083.999948
File /home/bhagyarsh/anaconda3/lib/python3.7/os.py first seen with mtime 1578513934.0
File /home/bhagyarsh/.local/lib/python3.7/site-packages/django/db/models/sql/query.py first seen with mtime 1602187084.0232813
File /home/bhagyarsh/anaconda3/lib/python3.7/lib-dynload/_heapq.cpython-37m-x86_64-linux-gnu.so first seen with mtime 1578513969.0
File /home/bhagyarsh/.local/lib/python3.7/site-packages/django/urls/base.py first seen with mtime 1602187084.039948
File /home/bhagyarsh/anaconda3/lib/python3.7/ntpath.py first seen with mtime 1578513934.0
File /home/bhagyarsh/anaconda3/lib/python3.7/lib-dynload/_random.cpython-37m-x86_64-linux-gnu.so first seen with mtime 1578513969.0
File /home/bhagyarsh/anaconda3/lib/python3.7/dis.py first seen with mtime 1578513934.0
File /home/bhagyarsh/anaconda3/lib/python3.7/email/encoders.py first seen with mtime 1578513938.0
File /home/bhagyarsh/.local/lib/python3.7/site-packages/django/contrib/contenttypes/apps.py first seen with mtime 1602187083.8066149
File /home/bhagyarsh/anaconda3/lib/python3.7/lib-dynload/_json.cpython-37m-x86_64-linux-gnu.so first seen with mtime 1578513969.0
File /home/bhagyarsh/anaconda3/lib/python3.7/concurrent/__init__.py first seen with mtime 1578513937.0
File /home/bhagyarsh/.local/lib/python3.7/site-packages/django/template/loader.py first seen with mtime 1602187084.0366147
File /home/bhagyarsh/.local/lib/python3.7/site-packages/django/core/management/__init__.py first seen with mtime 1602187083.999948
File /home/bhagyarsh/anaconda3/lib/python3.7/importlib/__init__.py first seen with mtime 1578513937.0
File /home/bhagyarsh/.local/lib/python3.7/site-packages/django/contrib/admin/sites.py first seen with mtime 1602187083.6566148
File /home/bhagyarsh/anaconda3/lib/python3.7/lib-dynload/grp.cpython-37m-x86_64-linux-gnu.so first seen with mtime 1578513968.0
File /home/bhagyarsh/.local/lib/python3.7/site-packages/django/contrib/admin/views/__init__.py first seen with mtime 1602187083.7466147
File /home/bhagyarsh/.local/lib/python3.7/site-packages/django/db/migrations/__init__.py first seen with mtime 1602187084.0132813
File /home/bhagyarsh/anaconda3/lib/python3.7/email/utils.py first seen with mtime 1578513938.0
File /home/bhagyarsh/.local/lib/python3.7/site-packages/django/core/files/temp.py first seen with mtime 1602187083.9966147
File /home/bhagyarsh/.local/lib/python3.7/site-packages/django/views/generic/list.py first seen with mtime 1602187084.049948
File /home/bhagyarsh/anaconda3/lib/python3.7/concurrent/futures/_base.py first seen with mtime 1578513937.0
File /home/bhagyarsh/.local/lib/python3.7/site-packages/django/core/checks/security/base.py first seen with mtime 1602187083.9966147
File /home/bhagyarsh/.local/lib/python3.7/site-packages/django/middleware/cache.py first seen with mtime 1602187084.0332813
File /home/bhagyarsh/.local/lib/python3.7/site-packages/django/contrib/messages/storage/__init__.py first seen with mtime 1602187083.909948
File /home/bhagyarsh/anaconda3/lib/python3.7/lib-dynload/_hashlib.cpython-37m-x86_64-linux-gnu.so first seen with mtime 1578513968.0
File /home/bhagyarsh/anaconda3/lib/python3.7/concurrent/futures/thread.py first seen with mtime 1578513937.0
File /home/bhagyarsh/.local/lib/python3.7/site-packages/django/utils/timesince.py first seen with mtime 1602187084.0432813
File /home/bhagyarsh/anaconda3/lib/python3.7/sre_constants.py first seen with mtime 1578513934.0
File /home/bhagyarsh/.local/lib/python3.7/site-packages/django/utils/translation/trans_real.py first seen with mtime 1602187084.0466146
File /home/bhagyarsh/.local/lib/python3.7/site-packages/django/template/smartif.py first seen with mtime 1602187084.0366147
File /home/bhagyarsh/anaconda3/lib/python3.7/keyword.py first seen with mtime 1578513934.0
File /home/bhagyarsh/.local/lib/python3.7/site-packages/django/db/models/fields/proxy.py first seen with mtime 1602187084.019948
File /home/bhagyarsh/anaconda3/lib/python3.7/asyncio/queues.py first seen with mtime 1578513937.0
File /home/bhagyarsh/anaconda3/lib/python3.7/wsgiref/util.py first seen with mtime 1578513938.0
File /home/bhagyarsh/anaconda3/lib/python3.7/logging/handlers.py first seen with mtime 1578513938.0
File /home/bhagyarsh/.local/lib/python3.7/site-packages/django/contrib/auth/checks.py first seen with mtime 1602187083.7732816
File /home/bhagyarsh/.local/lib/python3.7/site-packages/django/contrib/admin/__init__.py first seen with mtime 1602187083.6566148
File /home/bhagyarsh/.local/lib/python3.7/site-packages/django/templatetags/__init__.py first seen with mtime 1602187084.0366147
File /home/bhagyarsh/.local/lib/python3.7/site-packages/django/utils/datastructures.py first seen with mtime 1602187084.039948
File /home/bhagyarsh/anaconda3/lib/python3.7/traceback.py first seen with mtime 1578513934.0
File /home/bhagyarsh/anaconda3/lib/python3.7/asyncio/__init__.py first seen with mtime 1578513937.0
File /home/bhagyarsh/.local/lib/python3.7/site-packages/django/utils/cache.py first seen with mtime 1602187084.039948
File /home/bhagyarsh/anaconda3/lib/python3.7/wsgiref/simple_server.py first seen with mtime 1578513938.0
File /home/bhagyarsh/.local/lib/python3.7/site-packages/django/views/generic/dates.py first seen with mtime 1602187084.0466146
File /home/bhagyarsh/anaconda3/lib/python3.7/json/__init__.py first seen with mtime 1578513938.0
File /home/bhagyarsh/anaconda3/lib/python3.7/socket.py first seen with mtime 1578513934.0
File /home/bhagyarsh/.local/lib/python3.7/site-packages/django/core/checks/database.py first seen with mtime 1602187083.9966147
File /home/bhagyarsh/anaconda3/lib/python3.7/operator.py first seen with mtime 1578513934.0
File /home/bhagyarsh/.local/lib/python3.7/site-packages/django/forms/models.py first seen with mtime 1602187084.0266147
File /home/bhagyarsh/.local/lib/python3.7/site-packages/django/utils/itercompat.py first seen with mtime 1602187084.0432813
File /home/bhagyarsh/.local/lib/python3.7/site-packages/django/db/migrations/state.py first seen with mtime 1602187084.0132813
File /home/bhagyarsh/anaconda3/lib/python3.7/site-packages/jinja2/tests.py first seen with mtime 1580834289.0
File /home/bhagyarsh/.local/lib/python3.7/site-packages/django/db/models/fields/related_descriptors.py first seen with mtime 1602187084.019948
File /home/bhagyarsh/.local/lib/python3.7/site-packages/django/db/models/sql/where.py first seen with mtime 1602187084.0232813
File /home/bhagyarsh/Desktop/Gmap/src/gmap/rest_settings.py first seen with mtime 1609725919.1312943
File /home/bhagyarsh/anaconda3/lib/python3.7/asyncio/runners.py first seen with mtime 1578513937.0
File /home/bhagyarsh/anaconda3/lib/python3.7/lib-dynload/fcntl.cpython-37m-x86_64-linux-gnu.so first seen with mtime 1578513969.0
File /home/bhagyarsh/.local/lib/python3.7/site-packages/django/utils/autoreload.py first seen with mtime 1602187084.039948
File /home/bhagyarsh/anaconda3/lib/python3.7/collections/abc.py first seen with mtime 1578513937.0
File /home/bhagyarsh/.local/lib/python3.7/site-packages/django/core/checks/registry.py first seen with mtime 1602187083.9966147
File /home/bhagyarsh/anaconda3/lib/python3.7/urllib/parse.py first seen with mtime 1578513938.0
File /home/bhagyarsh/anaconda3/lib/python3.7/json/scanner.py first seen with mtime 1578513938.0
File /home/bhagyarsh/.local/lib/python3.7/site-packages/django/db/__init__.py first seen with mtime 1602187084.0066147
File /home/bhagyarsh/anaconda3/lib/python3.7/struct.py first seen with mtime 1578513934.0
File /home/bhagyarsh/.local/lib/python3.7/site-packages/django/db/migrations/migration.py first seen with mtime 1602187084.0132813
File /home/bhagyarsh/.local/lib/python3.7/site-packages/django/utils/duration.py first seen with mtime 1602187084.0432813
File /home/bhagyarsh/anaconda3/lib/python3.7/email/mime/nonmultipart.py first seen with mtime 1578513938.0
File /home/bhagyarsh/anaconda3/lib/python3.7/lib-dynload/_blake2.cpython-37m-x86_64-linux-gnu.so first seen with mtime 1578513967.0
File /home/bhagyarsh/.local/lib/python3.7/site-packages/django/views/decorators/__init__.py first seen with mtime 1602187084.0466146
File /home/bhagyarsh/anaconda3/lib/python3.7/distutils/__init__.py first seen with mtime 1578513939.0
File /home/bhagyarsh/.local/lib/python3.7/site-packages/django/core/files/utils.py first seen with mtime 1602187083.9966147
File /home/bhagyarsh/anaconda3/lib/python3.7/lib-dynload/zlib.cpython-37m-x86_64-linux-gnu.so first seen with mtime 1578513968.0
File /home/bhagyarsh/anaconda3/lib/python3.7/email/charset.py first seen with mtime 1578513938.0
File /home/bhagyarsh/.local/lib/python3.7/site-packages/django/contrib/auth/apps.py first seen with mtime 1602187083.7732816
File /home/bhagyarsh/.local/lib/python3.7/site-packages/django/db/backends/utils.py first seen with mtime 1602187084.0066147
File /home/bhagyarsh/.local/lib/python3.7/site-packages/django/core/mail/__init__.py first seen with mtime 1602187083.999948
File /home/bhagyarsh/anaconda3/lib/python3.7/asyncio/coroutines.py first seen with mtime 1578513937.0
File /home/bhagyarsh/.local/lib/python3.7/site-packages/django/db/models/signals.py first seen with mtime 1602187084.019948
File /home/bhagyarsh/anaconda3/lib/python3.7/weakref.py first seen with mtime 1578513934.0
File /home/bhagyarsh/.local/lib/python3.7/site-packages/django/core/handlers/__init__.py first seen with mtime 1602187083.999948
File /home/bhagyarsh/anaconda3/lib/python3.7/email/base64mime.py first seen with mtime 1578513938.0
File /home/bhagyarsh/anaconda3/lib/python3.7/html/__init__.py first seen with mtime 1578513938.0
File /home/bhagyarsh/.local/lib/python3.7/site-packages/django/contrib/messages/apps.py first seen with mtime 1602187083.909948
File /home/bhagyarsh/.local/lib/python3.7/site-packages/django/http/multipartparser.py first seen with mtime 1602187084.0332813
File /home/bhagyarsh/anaconda3/lib/python3.7/lib-dynload/_opcode.cpython-37m-x86_64-linux-gnu.so first seen with mtime 1578513968.0
File /home/bhagyarsh/.local/lib/python3.7/site-packages/django/contrib/auth/signals.py first seen with mtime 1602187083.776615
File /home/bhagyarsh/.local/lib/python3.7/site-packages/django/urls/exceptions.py first seen with mtime 1602187084.039948
File /home/bhagyarsh/anaconda3/lib/python3.7/hmac.py first seen with mtime 1578513934.0
File /home/bhagyarsh/.local/lib/python3.7/site-packages/django/views/decorators/cache.py first seen with mtime 1602187084.0466146
File /home/bhagyarsh/.local/lib/python3.7/site-packages/django/templatetags/static.py first seen with mtime 1602187084.0366147
File /home/bhagyarsh/.local/lib/python3.7/site-packages/django/core/checks/translation.py first seen with mtime 1602187083.9966147
File /home/bhagyarsh/anaconda3/lib/python3.7/asyncio/log.py first seen with mtime 1578513937.0
File /home/bhagyarsh/.local/lib/python3.7/site-packages/django/core/cache/backends/base.py first seen with mtime 1602187083.9966147
File /home/bhagyarsh/anaconda3/lib/python3.7/asyncio/format_helpers.py first seen with mtime 1578513937.0
File /home/bhagyarsh/.local/lib/python3.7/site-packages/django/core/files/move.py first seen with mtime 1602187083.9966147
File /home/bhagyarsh/anaconda3/lib/python3.7/site-packages/markupsafe/_speedups.cpython-37m-x86_64-linux-gnu.so first seen with mtime 1551141819.0
File /home/bhagyarsh/.local/lib/python3.7/site-packages/django/core/checks/templates.py first seen with mtime 1602187083.9966147
File /home/bhagyarsh/anaconda3/lib/python3.7/site-packages/jinja2/defaults.py first seen with mtime 1580834289.0
File /home/bhagyarsh/anaconda3/lib/python3.7/asyncio/transports.py first seen with mtime 1578513937.0
File /home/bhagyarsh/anaconda3/lib/python3.7/copy.py first seen with mtime 1578513934.0
File /home/bhagyarsh/anaconda3/lib/python3.7/email/_parseaddr.py first seen with mtime 1578513938.0
File /home/bhagyarsh/anaconda3/lib/python3.7/uuid.py first seen with mtime 1578513934.0
File /home/bhagyarsh/anaconda3/lib/python3.7/lib-dynload/_queue.cpython-37m-x86_64-linux-gnu.so first seen with mtime 1578513967.0
File /home/bhagyarsh/.local/lib/python3.7/site-packages/django/db/models/constraints.py first seen with mtime 1602187084.0166147
File /home/bhagyarsh/.local/lib/python3.7/site-packages/django/utils/text.py first seen with mtime 1602187084.0432813
File /home/bhagyarsh/anaconda3/lib/python3.7/site-packages/jinja2/lexer.py first seen with mtime 1580834289.0
File /home/bhagyarsh/anaconda3/lib/python3.7/site-packages/jinja2/parser.py first seen with mtime 1580834289.0
File /home/bhagyarsh/.local/lib/python3.7/site-packages/django/core/servers/basehttp.py first seen with mtime 1602187084.0066147
File /home/bhagyarsh/.local/lib/python3.7/site-packages/django/db/migrations/operations/special.py first seen with mtime 1602187084.0166147
File /home/bhagyarsh/.local/lib/python3.7/site-packages/asgiref/sync.py first seen with mtime 1602187083.536615
File /home/bhagyarsh/.local/lib/python3.7/site-packages/django/contrib/admin/exceptions.py first seen with mtime 1602187083.6566148
File /home/bhagyarsh/.local/lib/python3.7/site-packages/asgiref/current_thread_executor.py first seen with mtime 1602187083.536615
File /home/bhagyarsh/anaconda3/lib/python3.7/asyncio/base_futures.py first seen with mtime 1578513937.0
File /home/bhagyarsh/anaconda3/lib/python3.7/lib-dynload/select.cpython-37m-x86_64-linux-gnu.so first seen with mtime 1578513967.0
File /home/bhagyarsh/.local/lib/python3.7/site-packages/django/utils/dateformat.py first seen with mtime 1602187084.039948
File /home/bhagyarsh/anaconda3/lib/python3.7/genericpath.py first seen with mtime 1578513934.0
File /home/bhagyarsh/.local/lib/python3.7/site-packages/django/core/__init__.py first seen with mtime 1602187083.9932814
File /home/bhagyarsh/.local/lib/python3.7/site-packages/django/conf/locale/__init__.py first seen with mtime 1602187083.5932815
File /home/bhagyarsh/.local/lib/python3.7/site-packages/django/urls/conf.py first seen with mtime 1602187084.039948
File /home/bhagyarsh/.local/lib/python3.7/site-packages/django/views/i18n.py first seen with mtime 1602187084.0466146
File /home/bhagyarsh/anaconda3/lib/python3.7/json/encoder.py first seen with mtime 1578513938.0
File /home/bhagyarsh/anaconda3/lib/python3.7/email/policy.py first seen with mtime 1578513938.0
File /home/bhagyarsh/.local/lib/python3.7/site-packages/django/forms/formsets.py first seen with mtime 1602187084.0266147
File /home/bhagyarsh/.local/lib/python3.7/site-packages/django/views/generic/edit.py first seen with mtime 1602187084.049948
File /home/bhagyarsh/.local/lib/python3.7/site-packages/django/template/backends/jinja2.py first seen with mtime 1602187084.0366147
File /home/bhagyarsh/anaconda3/lib/python3.7/_collections_abc.py first seen with mtime 1578513934.0
File /home/bhagyarsh/anaconda3/lib/python3.7/calendar.py first seen with mtime 1578513934.0
File /home/bhagyarsh/anaconda3/lib/python3.7/json/decoder.py first seen with mtime 1578513938.0
File /home/bhagyarsh/anaconda3/lib/python3.7/datetime.py first seen with mtime 1578513934.0
File /home/bhagyarsh/.local/lib/python3.7/site-packages/django/utils/timezone.py first seen with mtime 1602187084.0466146
File /home/bhagyarsh/anaconda3/lib/python3.7/mimetypes.py first seen with mtime 1578513934.0
File /home/bhagyarsh/anaconda3/lib/python3.7/wsgiref/headers.py first seen with mtime 1578513938.0
File /home/bhagyarsh/.local/lib/python3.7/site-packages/django/core/files/base.py first seen with mtime 1602187083.9966147
File /home/bhagyarsh/.local/lib/python3.7/site-packages/django/db/transaction.py first seen with mtime 1602187084.0066147
File /home/bhagyarsh/.local/lib/python3.7/site-packages/django/contrib/admin/apps.py first seen with mtime 1602187083.6566148
File /home/bhagyarsh/.local/lib/python3.7/site-packages/django/contrib/staticfiles/finders.py first seen with mtime 1602187083.9932814
File /home/bhagyarsh/.local/lib/python3.7/site-packages/django/core/checks/model_checks.py first seen with mtime 1602187083.9966147
File /home/bhagyarsh/.local/lib/python3.7/site-packages/django/core/validators.py first seen with mtime 1602187083.9932814
File /home/bhagyarsh/anaconda3/lib/python3.7/shutil.py first seen with mtime 1578513934.0
File /home/bhagyarsh/.local/lib/python3.7/site-packages/django/contrib/contenttypes/management/__init__.py first seen with mtime 1602187083.8266149
File /home/bhagyarsh/.local/lib/python3.7/site-packages/django/utils/ipv6.py first seen with mtime 1602187084.0432813
File /home/bhagyarsh/.local/lib/python3.7/site-packages/django/contrib/admin/views/autocomplete.py first seen with mtime 1602187083.7466147
File /home/bhagyarsh/.local/lib/python3.7/site-packages/django/core/mail/utils.py first seen with mtime 1602187083.999948
File /home/bhagyarsh/.local/lib/python3.7/site-packages/django/contrib/messages/__init__.py first seen with mtime 1602187083.909948
File /home/bhagyarsh/anaconda3/lib/python3.7/site-packages/pytz/tzinfo.py first seen with mtime 1570462740.0
File /home/bhagyarsh/anaconda3/lib/python3.7/linecache.py first seen with mtime 1578513934.0
File /home/bhagyarsh/.local/lib/python3.7/site-packages/django/contrib/sessions/__init__.py first seen with mtime 1602187083.949948
File /home/bhagyarsh/anaconda3/lib/python3.7/lib-dynload/_sha3.cpython-37m-x86_64-linux-gnu.so first seen with mtime 1578513968.0
File /home/bhagyarsh/anaconda3/lib/python3.7/asyncio/unix_events.py first seen with mtime 1578513937.0
File /home/bhagyarsh/anaconda3/lib/python3.7/importlib/machinery.py first seen with mtime 1578513937.0
File /home/bhagyarsh/.local/lib/python3.7/site-packages/django/views/generic/detail.py first seen with mtime 1602187084.049948
File /home/bhagyarsh/anaconda3/lib/python3.7/site-packages/jinja2/compiler.py first seen with mtime 1580834289.0
File /home/bhagyarsh/.local/lib/python3.7/site-packages/django/utils/regex_helper.py first seen with mtime 1602187084.0432813
File /home/bhagyarsh/anaconda3/lib/python3.7/email/mime/__init__.py first seen with mtime 1578513938.0
File /home/bhagyarsh/anaconda3/lib/python3.7/asyncio/futures.py first seen with mtime 1578513937.0
File /home/bhagyarsh/.local/lib/python3.7/site-packages/django/db/models/fields/mixins.py first seen with mtime 1602187084.019948
File /home/bhagyarsh/anaconda3/lib/python3.7/__future__.py first seen with mtime 1578513934.0
File /home/bhagyarsh/.local/lib/python3.7/site-packages/django/db/migrations/operations/utils.py first seen with mtime 1602187084.0166147
File /home/bhagyarsh/.local/lib/python3.7/site-packages/django/template/loader_tags.py first seen with mtime 1602187084.0366147
File /home/bhagyarsh/anaconda3/lib/python3.7/site-packages/pytz/exceptions.py first seen with mtime 1570462740.0
File /home/bhagyarsh/.local/lib/python3.7/site-packages/django/template/utils.py first seen with mtime 1602187084.0366147
File /home/bhagyarsh/anaconda3/lib/python3.7/email/_encoded_words.py first seen with mtime 1578513938.0
File /home/bhagyarsh/.local/lib/python3.7/site-packages/django/apps/registry.py first seen with mtime 1602187083.5932815
File /home/bhagyarsh/.local/lib/python3.7/site-packages/django/template/exceptions.py first seen with mtime 1602187084.0332813
File /home/bhagyarsh/anaconda3/lib/python3.7/signal.py first seen with mtime 1578513934.0
File /home/bhagyarsh/.local/lib/python3.7/site-packages/django/views/decorators/csrf.py first seen with mtime 1602187084.0466146
File /home/bhagyarsh/anaconda3/lib/python3.7/cgi.py first seen with mtime 1578513934.0
File /home/bhagyarsh/.local/lib/python3.7/site-packages/django/utils/encoding.py first seen with mtime 1602187084.0432813
File /home/bhagyarsh/anaconda3/lib/python3.7/asyncio/streams.py first seen with mtime 1578513937.0
File /home/bhagyarsh/.local/lib/python3.7/site-packages/django/utils/html.py first seen with mtime 1602187084.0432813
File /home/bhagyarsh/.local/lib/python3.7/site-packages/django/core/signing.py first seen with mtime 1602187083.9932814
File /home/bhagyarsh/.local/lib/python3.7/site-packages/django/db/models/fields/__init__.py first seen with mtime 1602187084.019948
File /home/bhagyarsh/anaconda3/lib/python3.7/encodings/__init__.py first seen with mtime 1578513938.0
File /home/bhagyarsh/.local/lib/python3.7/site-packages/django/__init__.py first seen with mtime 1602187083.5899482
File /home/bhagyarsh/anaconda3/lib/python3.7/numbers.py first seen with mtime 1578513934.0
File /home/bhagyarsh/anaconda3/lib/python3.7/urllib/__init__.py first seen with mtime 1578513938.0
File /home/bhagyarsh/.local/lib/python3.7/site-packages/django/apps/config.py first seen with mtime 1602187083.5932815
File /home/bhagyarsh/anaconda3/lib/python3.7/_weakrefset.py first seen with mtime 1578513934.0
File /home/bhagyarsh/anaconda3/lib/python3.7/hashlib.py first seen with mtime 1578513934.0
File /home/bhagyarsh/anaconda3/lib/python3.7/warnings.py first seen with mtime 1578513934.0
File /home/bhagyarsh/.local/lib/python3.7/site-packages/django/contrib/admin/checks.py first seen with mtime 1602187083.6566148
File /home/bhagyarsh/.local/lib/python3.7/site-packages/django/db/migrations/operations/models.py first seen with mtime 1602187084.0166147
File /home/bhagyarsh/.local/lib/python3.7/site-packages/django/forms/widgets.py first seen with mtime 1602187084.0266147
File /home/bhagyarsh/anaconda3/lib/python3.7/codecs.py first seen with mtime 1578513934.0
File /home/bhagyarsh/.local/lib/python3.7/site-packages/django/db/backends/__init__.py first seen with mtime 1602187084.0066147
File /home/bhagyarsh/anaconda3/lib/python3.7/wsgiref/__init__.py first seen with mtime 1578513938.0
File /home/bhagyarsh/.local/lib/python3.7/site-packages/django/db/models/functions/mixins.py first seen with mtime 1602187084.0232813
File /home/bhagyarsh/.local/lib/python3.7/site-packages/django/forms/fields.py first seen with mtime 1602187084.0232813
File /home/bhagyarsh/.local/lib/python3.7/site-packages/django/core/signals.py first seen with mtime 1602187083.9932814
File /home/bhagyarsh/anaconda3/lib/python3.7/site-packages/pytz/tzfile.py first seen with mtime 1570462740.0
File /home/bhagyarsh/anaconda3/lib/python3.7/wsgiref/handlers.py first seen with mtime 1578513938.0
File /home/bhagyarsh/anaconda3/lib/python3.7/html/parser.py first seen with mtime 1578513938.0
File /home/bhagyarsh/anaconda3/lib/python3.7/email/iterators.py first seen with mtime 1578513938.0
File /home/bhagyarsh/anaconda3/lib/python3.7/bisect.py first seen with mtime 1578513934.0
File /home/bhagyarsh/.local/lib/python3.7/site-packages/django/utils/datetime_safe.py first seen with mtime 1602187084.0432813
File /home/bhagyarsh/anaconda3/lib/python3.7/lib-dynload/_ssl.cpython-37m-x86_64-linux-gnu.so first seen with mtime 1578513969.0
File /home/bhagyarsh/anaconda3/lib/python3.7/base64.py first seen with mtime 1578513934.0
File /home/bhagyarsh/.local/lib/python3.7/site-packages/django/utils/inspect.py first seen with mtime 1602187084.0432813
File /home/bhagyarsh/.local/lib/python3.7/site-packages/django/db/models/constants.py first seen with mtime 1602187084.0166147
File /home/bhagyarsh/.local/lib/python3.7/site-packages/django/utils/_os.py first seen with mtime 1602187084.039948
File /home/bhagyarsh/anaconda3/lib/python3.7/site-packages/jinja2/optimizer.py first seen with mtime 1580834289.0
File /home/bhagyarsh/.local/lib/python3.7/site-packages/django/db/models/sql/datastructures.py first seen with mtime 1602187084.0232813
File /home/bhagyarsh/.local/lib/python3.7/site-packages/django/core/checks/messages.py first seen with mtime 1602187083.9966147
File /home/bhagyarsh/anaconda3/lib/python3.7/lib-dynload/_socket.cpython-37m-x86_64-linux-gnu.so first seen with mtime 1578513969.0
File /home/bhagyarsh/anaconda3/lib/python3.7/asyncio/base_tasks.py first seen with mtime 1578513937.0
File /home/bhagyarsh/anaconda3/lib/python3.7/site-packages/jinja2/__init__.py first seen with mtime 1580834289.0
File /home/bhagyarsh/anaconda3/lib/python3.7/tokenize.py first seen with mtime 1578513934.0
File /home/bhagyarsh/.local/lib/python3.7/site-packages/django/core/files/__init__.py first seen with mtime 1602187083.9966147
File /home/bhagyarsh/.local/lib/python3.7/site-packages/django/core/checks/security/__init__.py first seen with mtime 1602187083.9966147
File /home/bhagyarsh/.local/lib/python3.7/site-packages/django/http/cookie.py first seen with mtime 1602187084.029948
File /home/bhagyarsh/Desktop/Gmap/src/gmap/__init__.py first seen with mtime 1609636463.9899797
File /home/bhagyarsh/anaconda3/lib/python3.7/site-packages/jinja2/environment.py first seen with mtime 1580834289.0
File /home/bhagyarsh/anaconda3/lib/python3.7/ssl.py first seen with mtime 1578513934.0
File /home/bhagyarsh/.local/lib/python3.7/site-packages/django/db/models/aggregates.py first seen with mtime 1602187084.0166147
File /home/bhagyarsh/.local/lib/python3.7/site-packages/django/dispatch/dispatcher.py first seen with mtime 1602187084.0232813
File /home/bhagyarsh/anaconda3/lib/python3.7/email/errors.py first seen with mtime 1578513938.0
File /home/bhagyarsh/anaconda3/lib/python3.7/lib-dynload/unicodedata.cpython-37m-x86_64-linux-gnu.so first seen with mtime 1578513967.0
File /home/bhagyarsh/anaconda3/lib/python3.7/asyncio/protocols.py first seen with mtime 1578513937.0
File /home/bhagyarsh/.local/lib/python3.7/site-packages/django/core/wsgi.py first seen with mtime 1602187083.9932814
File /home/bhagyarsh/anaconda3/lib/python3.7/pickle.py first seen with mtime 1578513934.0
File /home/bhagyarsh/.local/lib/python3.7/site-packages/django/utils/deconstruct.py first seen with mtime 1602187084.0432813
File /home/bhagyarsh/.local/lib/python3.7/site-packages/django/forms/utils.py first seen with mtime 1602187084.0266147
File /home/bhagyarsh/.local/lib/python3.7/site-packages/django/contrib/admin/actions.py first seen with mtime 1602187083.6566148
File /home/bhagyarsh/anaconda3/lib/python3.7/site-packages/pytz/lazy.py first seen with mtime 1570462740.0
File /home/bhagyarsh/anaconda3/lib/python3.7/platform.py first seen with mtime 1578513934.0
File /home/bhagyarsh/anaconda3/lib/python3.7/lib-dynload/_bz2.cpython-37m-x86_64-linux-gnu.so first seen with mtime 1578513967.0
File /home/bhagyarsh/.local/lib/python3.7/site-packages/django/contrib/admin/utils.py first seen with mtime 1602187083.6566148
File /home/bhagyarsh/anaconda3/lib/python3.7/inspect.py first seen with mtime 1578513934.0
File /home/bhagyarsh/anaconda3/lib/python3.7/site-packages/jinja2/exceptions.py first seen with mtime 1580834289.0
File /home/bhagyarsh/.local/lib/python3.7/site-packages/django/core/files/uploadedfile.py first seen with mtime 1602187083.9966147
File /home/bhagyarsh/.local/lib/python3.7/site-packages/django/apps/__init__.py first seen with mtime 1602187083.5932815
File /home/bhagyarsh/.local/lib/python3.7/site-packages/django/utils/version.py first seen with mtime 1602187084.0466146
File /home/bhagyarsh/.local/lib/python3.7/site-packages/django/db/models/query.py first seen with mtime 1602187084.019948
File /home/bhagyarsh/.local/lib/python3.7/site-packages/django/contrib/auth/__init__.py first seen with mtime 1602187083.7732816
File /home/bhagyarsh/.local/lib/python3.7/site-packages/django/db/models/manager.py first seen with mtime 1602187084.0166147
File /home/bhagyarsh/anaconda3/lib/python3.7/lib-dynload/_lzma.cpython-37m-x86_64-linux-gnu.so first seen with mtime 1578513969.0
File /home/bhagyarsh/anaconda3/lib/python3.7/enum.py first seen with mtime 1578513934.0
File /home/bhagyarsh/anaconda3/lib/python3.7/distutils/version.py first seen with mtime 1578513939.0
File /home/bhagyarsh/anaconda3/lib/python3.7/lib-dynload/_struct.cpython-37m-x86_64-linux-gnu.so first seen with mtime 1578513968.0
File /home/bhagyarsh/.local/lib/python3.7/site-packages/django/contrib/staticfiles/apps.py first seen with mtime 1602187083.9932814
File /home/bhagyarsh/.local/lib/python3.7/site-packages/django/template/backends/__init__.py first seen with mtime 1602187084.0366147
File /home/bhagyarsh/anaconda3/lib/python3.7/site-packages/markupsafe/__init__.py first seen with mtime 1551141815.0
File /home/bhagyarsh/.local/lib/python3.7/site-packages/django/forms/forms.py first seen with mtime 1602187084.0266147
File /home/bhagyarsh/.local/lib/python3.7/site-packages/django/utils/dates.py first seen with mtime 1602187084.0432813
File /home/bhagyarsh/anaconda3/lib/python3.7/email/quoprimime.py first seen with mtime 1578513938.0
File /home/bhagyarsh/anaconda3/lib/python3.7/site-packages/jinja2/idtracking.py first seen with mtime 1580834289.0
File /home/bhagyarsh/.local/lib/python3.7/site-packages/django/utils/log.py first seen with mtime 1602187084.0432813
File /home/bhagyarsh/.local/lib/python3.7/site-packages/django/contrib/sessions/apps.py first seen with mtime 1602187083.949948
File /home/bhagyarsh/.local/lib/python3.7/site-packages/django/db/models/fields/files.py first seen with mtime 1602187084.019948
File /home/bhagyarsh/.local/lib/python3.7/site-packages/django/db/models/functions/math.py first seen with mtime 1602187084.0232813
File /home/bhagyarsh/.local/lib/python3.7/site-packages/django/core/cache/backends/__init__.py first seen with mtime 1602187083.9932814
File /home/bhagyarsh/anaconda3/lib/python3.7/site-packages/jinja2/_identifier.py first seen with mtime 1580834289.0
File /home/bhagyarsh/anaconda3/lib/python3.7/asyncio/sslproto.py first seen with mtime 1578513937.0
File /home/bhagyarsh/.local/lib/python3.7/site-packages/django/db/migrations/operations/__init__.py first seen with mtime 1602187084.0166147
File /home/bhagyarsh/.local/lib/python3.7/site-packages/django/http/response.py first seen with mtime 1602187084.0332813
File /home/bhagyarsh/.local/lib/python3.7/site-packages/django/views/debug.py first seen with mtime 1602187084.0466146
File /home/bhagyarsh/anaconda3/lib/python3.7/site-packages/jinja2/visitor.py first seen with mtime 1580834289.0
File /home/bhagyarsh/.local/lib/python3.7/site-packages/django/core/serializers/__init__.py first seen with mtime 1602187084.0032814
File /home/bhagyarsh/anaconda3/lib/python3.7/_markupbase.py first seen with mtime 1578513934.0
File /home/bhagyarsh/anaconda3/lib/python3.7/pathlib.py first seen with mtime 1578513934.0
File /home/bhagyarsh/.local/lib/python3.7/site-packages/django/core/checks/async_checks.py first seen with mtime 1602187083.9966147
File /home/bhagyarsh/anaconda3/lib/python3.7/threading.py first seen with mtime 1578513934.0
File /home/bhagyarsh/.local/lib/python3.7/site-packages/django/db/models/functions/comparison.py first seen with mtime 1602187084.019948
File /home/bhagyarsh/.local/lib/python3.7/site-packages/django/middleware/csrf.py first seen with mtime 1602187084.0332813
File /home/bhagyarsh/.local/lib/python3.7/site-packages/django/core/handlers/base.py first seen with mtime 1602187083.999948
File /home/bhagyarsh/anaconda3/lib/python3.7/ipaddress.py first seen with mtime 1578513934.0
File /home/bhagyarsh/anaconda3/lib/python3.7/lib-dynload/_posixsubprocess.cpython-37m-x86_64-linux-gnu.so first seen with mtime 1578513968.0
File /home/bhagyarsh/.local/lib/python3.7/site-packages/django/core/paginator.py first seen with mtime 1602187083.9932814
File /home/bhagyarsh/anaconda3/lib/python3.7/lib-dynload/_decimal.cpython-37m-x86_64-linux-gnu.so first seen with mtime 1578513968.0
File /home/bhagyarsh/.local/lib/python3.7/site-packages/django/contrib/staticfiles/utils.py first seen with mtime 1602187083.9932814
File /home/bhagyarsh/anaconda3/lib/python3.7/asyncio/selector_events.py first seen with mtime 1578513937.0
File /home/bhagyarsh/.local/lib/python3.7/site-packages/django/contrib/admin/templatetags/admin_urls.py first seen with mtime 1602187083.7466147
File /home/bhagyarsh/anaconda3/lib/python3.7/email/parser.py first seen with mtime 1578513938.0
File /home/bhagyarsh/.local/lib/python3.7/site-packages/django/core/files/locks.py first seen with mtime 1602187083.9966147
File /home/bhagyarsh/.local/lib/python3.7/site-packages/django/db/models/__init__.py first seen with mtime 1602187084.0166147
File /home/bhagyarsh/anaconda3/lib/python3.7/tempfile.py first seen with mtime 1578513934.0
File /home/bhagyarsh/.local/lib/python3.7/site-packages/django/utils/crypto.py first seen with mtime 1602187084.039948
File /home/bhagyarsh/.local/lib/python3.7/site-packages/django/views/__init__.py first seen with mtime 1602187084.0466146
File /home/bhagyarsh/.local/lib/python3.7/site-packages/django/db/models/functions/datetime.py first seen with mtime 1602187084.0232813
File /home/bhagyarsh/.local/lib/python3.7/site-packages/django/template/__init__.py first seen with mtime 1602187084.0332813
File /home/bhagyarsh/anaconda3/lib/python3.7/site-packages/markupsafe/_compat.py first seen with mtime 1551141815.0
File /home/bhagyarsh/anaconda3/lib/python3.7/sre_parse.py first seen with mtime 1578513934.0
File /home/bhagyarsh/anaconda3/lib/python3.7/abc.py first seen with mtime 1578513934.0
File /home/bhagyarsh/.local/lib/python3.7/site-packages/django/contrib/auth/management/__init__.py first seen with mtime 1602187083.8032815
File /home/bhagyarsh/anaconda3/lib/python3.7/site-packages/sphinxcontrib/__init__.py first seen with mtime 1530694837.0
File /home/bhagyarsh/anaconda3/lib/python3.7/lib-dynload/binascii.cpython-37m-x86_64-linux-gnu.so first seen with mtime 1578513967.0
File /home/bhagyarsh/.local/lib/python3.7/site-packages/django/core/checks/urls.py first seen with mtime 1602187083.9966147
File /home/bhagyarsh/anaconda3/lib/python3.7/subprocess.py first seen with mtime 1578513934.0
File /home/bhagyarsh/anaconda3/lib/python3.7/secrets.py first seen with mtime 1578513934.0
File /home/bhagyarsh/anaconda3/lib/python3.7/locale.py first seen with mtime 1578513934.0
File /home/bhagyarsh/.local/lib/python3.7/site-packages/django/templatetags/i18n.py first seen with mtime 1602187084.0366147
File /home/bhagyarsh/.local/lib/python3.7/site-packages/django/db/models/sql/constants.py first seen with mtime 1602187084.0232813
File /home/bhagyarsh/anaconda3/lib/python3.7/heapq.py first seen with mtime 1578513934.0
File /home/bhagyarsh/.local/lib/python3.7/site-packages/django/dispatch/__init__.py first seen with mtime 1602187084.0232813
File /home/bhagyarsh/anaconda3/lib/python3.7/http/__init__.py first seen with mtime 1578513938.0
File /home/bhagyarsh/anaconda3/lib/python3.7/pkgutil.py first seen with mtime 1578513934.0
File /home/bhagyarsh/anaconda3/lib/python3.7/reprlib.py first seen with mtime 1578513934.0
File /home/bhagyarsh/anaconda3/lib/python3.7/opcode.py first seen with mtime 1578513934.0
File /home/bhagyarsh/anaconda3/lib/python3.7/lib-dynload/_datetime.cpython-37m-x86_64-linux-gnu.so first seen with mtime 1578513968.0
File /home/bhagyarsh/.local/lib/python3.7/site-packages/django/db/models/fields/json.py first seen with mtime 1602187084.019948
File /home/bhagyarsh/anaconda3/lib/python3.7/email/header.py first seen with mtime 1578513938.0
File /home/bhagyarsh/.local/lib/python3.7/site-packages/django/views/generic/__init__.py first seen with mtime 1602187084.0466146
File /home/bhagyarsh/anaconda3/lib/python3.7/selectors.py first seen with mtime 1578513934.0
File /home/bhagyarsh/.local/lib/python3.7/site-packages/django/db/models/options.py first seen with mtime 1602187084.0166147
File /home/bhagyarsh/.local/lib/python3.7/site-packages/django/core/checks/caches.py first seen with mtime 1602187083.9966147
File /home/bhagyarsh/.local/lib/python3.7/site-packages/django/urls/resolvers.py first seen with mtime 1602187084.039948
File /home/bhagyarsh/.local/lib/python3.7/site-packages/django/utils/safestring.py first seen with mtime 1602187084.0432813
File /home/bhagyarsh/.local/lib/python3.7/site-packages/django/contrib/messages/constants.py first seen with mtime 1602187083.909948
File /home/bhagyarsh/anaconda3/lib/python3.7/io.py first seen with mtime 1578513934.0
File /home/bhagyarsh/.local/lib/python3.7/site-packages/django/utils/__init__.py first seen with mtime 1602187084.039948
File /home/bhagyarsh/anaconda3/lib/python3.7/lib-dynload/_contextvars.cpython-37m-x86_64-linux-gnu.so first seen with mtime 1578513968.0
File /home/bhagyarsh/.local/lib/python3.7/site-packages/django/template/engine.py first seen with mtime 1602187084.0332813
File /home/bhagyarsh/.local/lib/python3.7/site-packages/django/db/models/lookups.py first seen with mtime 1602187084.0166147
File /home/bhagyarsh/anaconda3/lib/python3.7/sre_compile.py first seen with mtime 1578513934.0
File /home/bhagyarsh/.local/lib/python3.7/site-packages/django/core/handlers/exception.py first seen with mtime 1602187083.999948
File /home/bhagyarsh/.local/lib/python3.7/site-packages/django/http/request.py first seen with mtime 1602187084.0332813
File /home/bhagyarsh/.local/lib/python3.7/site-packages/django/core/management/color.py first seen with mtime 1602187083.999948
File /home/bhagyarsh/.local/lib/python3.7/site-packages/django/core/serializers/python.py first seen with mtime 1602187084.0032814
File /home/bhagyarsh/anaconda3/lib/python3.7/bz2.py first seen with mtime 1578513934.0
File /home/bhagyarsh/.local/lib/python3.7/site-packages/django/core/servers/__init__.py first seen with mtime 1602187084.0032814
File /home/bhagyarsh/.local/lib/python3.7/site-packages/django/contrib/admin/filters.py first seen with mtime 1602187083.6566148
File /home/bhagyarsh/anaconda3/lib/python3.7/importlib/util.py first seen with mtime 1578513937.0
File /home/bhagyarsh/anaconda3/lib/python3.7/site-packages/jinja2/_compat.py first seen with mtime 1580834289.0
File /home/bhagyarsh/.local/lib/python3.7/site-packages/django/urls/utils.py first seen with mtime 1602187084.039948
File /home/bhagyarsh/.local/lib/python3.7/site-packages/django/middleware/__init__.py first seen with mtime 1602187084.0332813
File /home/bhagyarsh/.local/lib/python3.7/site-packages/django/template/defaulttags.py first seen with mtime 1602187084.0332813
File /home/bhagyarsh/anaconda3/lib/python3.7/quopri.py first seen with mtime 1578513934.0
File /home/bhagyarsh/anaconda3/lib/python3.7/email/message.py first seen with mtime 1578513938.0
File /home/bhagyarsh/anaconda3/lib/python3.7/random.py first seen with mtime 1578513934.0
File /home/bhagyarsh/anaconda3/lib/python3.7/site-packages/jinja2/runtime.py first seen with mtime 1580834289.0
File /home/bhagyarsh/.local/lib/python3.7/site-packages/django/template/backends/base.py first seen with mtime 1602187084.0366147
File /home/bhagyarsh/anaconda3/lib/python3.7/site.py first seen with mtime 1578513934.0
File /home/bhagyarsh/.local/lib/python3.7/site-packages/django/contrib/staticfiles/checks.py first seen with mtime 1602187083.9932814
File /home/bhagyarsh/.local/lib/python3.7/site-packages/django/forms/boundfield.py first seen with mtime 1602187084.0232813
File /home/bhagyarsh/anaconda3/lib/python3.7/contextlib.py first seen with mtime 1578513934.0
File /home/bhagyarsh/anaconda3/lib/python3.7/asyncio/events.py first seen with mtime 1578513937.0
File /home/bhagyarsh/.local/lib/python3.7/site-packages/django/utils/module_loading.py first seen with mtime 1602187084.0432813
File /home/bhagyarsh/anaconda3/lib/python3.7/email/_policybase.py first seen with mtime 1578513938.0
File /home/bhagyarsh/anaconda3/lib/python3.7/asyncio/base_subprocess.py first seen with mtime 1578513937.0
File /home/bhagyarsh/.local/lib/python3.7/site-packages/django/contrib/admin/decorators.py first seen with mtime 1602187083.6566148
File /home/bhagyarsh/anaconda3/lib/python3.7/lib-dynload/_pickle.cpython-37m-x86_64-linux-gnu.so first seen with mtime 1578513968.0
File /home/bhagyarsh/.local/lib/python3.7/site-packages/django/utils/translation/__init__.py first seen with mtime 1602187084.0466146
File /home/bhagyarsh/anaconda3/lib/python3.7/asyncio/base_events.py first seen with mtime 1578513937.0
File /home/bhagyarsh/anaconda3/lib/python3.7/lib-dynload/_bisect.cpython-37m-x86_64-linux-gnu.so first seen with mtime 1578513968.0
File /home/bhagyarsh/.local/lib/python3.7/site-packages/django/conf/global_settings.py first seen with mtime 1602187083.5932815
File /home/bhagyarsh/.local/lib/python3.7/site-packages/django/core/serializers/base.py first seen with mtime 1602187084.0032814
File /home/bhagyarsh/.local/lib/python3.7/site-packages/django/contrib/contenttypes/__init__.py first seen with mtime 1602187083.8066149
File /home/bhagyarsh/.local/lib/python3.7/site-packages/django/views/generic/base.py first seen with mtime 1602187084.0466146
File /home/bhagyarsh/anaconda3/lib/python3.7/functools.py first seen with mtime 1578513934.0
File /home/bhagyarsh/anaconda3/lib/python3.7/encodings/utf_8.py first seen with mtime 1578513938.0
File /home/bhagyarsh/.local/lib/python3.7/site-packages/django/db/models/fields/related.py first seen with mtime 1602187084.019948
File /home/bhagyarsh/anaconda3/lib/python3.7/difflib.py first seen with mtime 1578513934.0
File /home/bhagyarsh/anaconda3/lib/python3.7/encodings/latin_1.py first seen with mtime 1578513938.0
File /home/bhagyarsh/.local/lib/python3.7/site-packages/django/db/migrations/operations/fields.py first seen with mtime 1602187084.0166147
File /home/bhagyarsh/.local/lib/python3.7/site-packages/django/contrib/admin/options.py first seen with mtime 1602187083.6566148
File /home/bhagyarsh/anaconda3/lib/python3.7/email/_header_value_parser.py first seen with mtime 1578513938.0
File /home/bhagyarsh/anaconda3/lib/python3.7/logging/__init__.py first seen with mtime 1578513938.0
File /home/bhagyarsh/anaconda3/lib/python3.7/ast.py first seen with mtime 1578513934.0
File /home/bhagyarsh/anaconda3/lib/python3.7/email/feedparser.py first seen with mtime 1578513938.0
File /home/bhagyarsh/anaconda3/lib/python3.7/asyncio/tasks.py first seen with mtime 1578513937.0
File /home/bhagyarsh/.local/lib/python3.7/site-packages/django/db/models/enums.py first seen with mtime 1602187084.0166147
File /home/bhagyarsh/anaconda3/lib/python3.7/string.py first seen with mtime 1578513934.0
File /home/bhagyarsh/anaconda3/lib/python3.7/types.py first seen with mtime 1578513934.0
File /home/bhagyarsh/.local/lib/python3.7/site-packages/django/template/context.py first seen with mtime 1602187084.0332813
File /home/bhagyarsh/.local/lib/python3.7/site-packages/django/utils/decorators.py first seen with mtime 1602187084.0432813
File /home/bhagyarsh/anaconda3/lib/python3.7/fnmatch.py first seen with mtime 1578513934.0
File /home/bhagyarsh/.local/lib/python3.7/site-packages/django/utils/tree.py first seen with mtime 1602187084.0466146
File /home/bhagyarsh/.local/lib/python3.7/site-packages/django/db/models/functions/text.py first seen with mtime 1602187084.0232813
File /home/bhagyarsh/.local/lib/python3.7/site-packages/django/template/defaultfilters.py first seen with mtime 1602187084.0332813
Watching for file changes with StatReloader
Waiting for apps ready_event.
Apps ready_event triggered. Sending autoreload_started signal.
Watching dir /home/bhagyarsh/Desktop/Gmap/src/locale with glob **/*.mo.
Watching dir /home/bhagyarsh/Desktop/Gmap/lib/python3.8/site-packages/corsheaders/locale with glob **/*.mo.
Watching dir /home/bhagyarsh/Desktop/Gmap/lib/python3.8/site-packages/rest_framework/locale with glob **/*.mo.
Watching dir /home/bhagyarsh/Desktop/Gmap/src/accounts/locale with glob **/*.mo.
(0.001) 
            SELECT name, type FROM sqlite_master
            WHERE type in ('table', 'view') AND NOT name='sqlite_sequence'
            ORDER BY name; args=None
(0.001) SELECT "django_migrations"."id", "django_migrations"."app", "django_migrations"."name", "django_migrations"."applied" FROM "django_migrations"; args=()
File /home/bhagyarsh/Desktop/Gmap/lib/python3.8/site-packages/django/utils/__init__.py first seen with mtime 1609636416.1069403
File /home/bhagyarsh/Desktop/Gmap/lib/python3.8/site-packages/pytz/tzinfo.py first seen with mtime 1609636415.5169442
File /home/bhagyarsh/Desktop/Gmap/lib/python3.8/site-packages/django/contrib/auth/checks.py first seen with mtime 1609636415.880275
File /usr/lib/python3.8/distutils/__init__.py first seen with mtime 1601438438.0
File /usr/lib/python3.8/locale.py first seen with mtime 1601438438.0
File /home/bhagyarsh/Desktop/Gmap/lib/python3.8/site-packages/django/contrib/admin/widgets.py first seen with mtime 1609636415.7836092
File /usr/lib/python3.8/concurrent/futures/__init__.py first seen with mtime 1601438438.0
File /usr/lib/python3.8/functools.py first seen with mtime 1601438438.0
File /home/bhagyarsh/Desktop/Gmap/lib/python3.8/site-packages/django/db/models/fields/related.py first seen with mtime 1609636416.0902739
File /usr/lib/python3.8/asyncio/queues.py first seen with mtime 1601438438.0
File /home/bhagyarsh/Desktop/Gmap/lib/python3.8/site-packages/django/core/checks/messages.py first seen with mtime 1609636416.0702739
File /home/bhagyarsh/Desktop/Gmap/lib/python3.8/site-packages/django/db/backends/base/creation.py first seen with mtime 1609636416.0769405
File /home/bhagyarsh/Desktop/Gmap/lib/python3.8/site-packages/rest_framework/status.py first seen with mtime 1609640261.750106
File /home/bhagyarsh/Desktop/Gmap/lib/python3.8/site-packages/django/core/signing.py first seen with mtime 1609636416.0669405
File /usr/lib/python3.8/difflib.py first seen with mtime 1601438438.0
File /home/bhagyarsh/Desktop/Gmap/lib/python3.8/site-packages/django/db/models/fields/mixins.py first seen with mtime 1609636416.0902739
File /home/bhagyarsh/Desktop/Gmap/lib/python3.8/site-packages/django/db/models/constraints.py first seen with mtime 1609636416.0869405
File /usr/lib/python3.8/lib-dynload/_asyncio.cpython-38-x86_64-linux-gnu.so first seen with mtime 1601438438.0
File /home/bhagyarsh/Desktop/Gmap/lib/python3.8/site-packages/django/template/loader_tags.py first seen with mtime 1609636416.103607
File /home/bhagyarsh/Desktop/Gmap/lib/python3.8/site-packages/django/contrib/auth/password_validation.py first seen with mtime 1609636415.880275
File /home/bhagyarsh/Desktop/Gmap/lib/python3.8/site-packages/django/utils/safestring.py first seen with mtime 1609636416.1102736
File /usr/lib/python3.8/email/utils.py first seen with mtime 1601438438.0
File /usr/lib/python3.8/ipaddress.py first seen with mtime 1601438438.0
File /usr/lib/python3.8/copy.py first seen with mtime 1601438438.0
File /home/bhagyarsh/Desktop/Gmap/lib/python3.8/site-packages/django/contrib/admin/checks.py first seen with mtime 1609636415.7802758
File /home/bhagyarsh/Desktop/Gmap/lib/python3.8/site-packages/rest_framework_jwt/compat.py first seen with mtime 1609640281.0473237
File /home/bhagyarsh/Desktop/Gmap/lib/python3.8/site-packages/django/utils/translation/trans_real.py first seen with mtime 1609636416.1102736
File /usr/lib/python3.8/lib-dynload/_posixsubprocess.cpython-38-x86_64-linux-gnu.so first seen with mtime 1601438438.0
File /usr/lib/python3.8/gzip.py first seen with mtime 1601438438.0
File /home/bhagyarsh/Desktop/Gmap/lib/python3.8/site-packages/django/utils/lorem_ipsum.py first seen with mtime 1609636416.1102736
File /usr/lib/python3.8/lib-dynload/termios.cpython-38-x86_64-linux-gnu.so first seen with mtime 1601438438.0
File /usr/lib/python3.8/lib-dynload/_sqlite3.cpython-38-x86_64-linux-gnu.so first seen with mtime 1601438438.0
File /usr/lib/python3.8/email/generator.py first seen with mtime 1601438438.0
File /home/bhagyarsh/Desktop/Gmap/lib/python3.8/site-packages/sqlparse/filters/aligned_indent.py first seen with mtime 1609636415.6636097
File /home/bhagyarsh/Desktop/Gmap/lib/python3.8/site-packages/django/core/serializers/json.py first seen with mtime 1609636416.0769405
File /home/bhagyarsh/Desktop/Gmap/lib/python3.8/site-packages/django/core/handlers/wsgi.py first seen with mtime 1609636416.0702739
File /usr/lib/python3.8/codecs.py first seen with mtime 1601438438.0
File /home/bhagyarsh/Desktop/Gmap/lib/python3.8/site-packages/django/forms/__init__.py first seen with mtime 1609636416.0936072
File /home/bhagyarsh/Desktop/Gmap/lib/python3.8/site-packages/django/utils/baseconv.py first seen with mtime 1609636416.1069403
File /home/bhagyarsh/Desktop/Gmap/lib/python3.8/site-packages/django/contrib/admindocs/views.py first seen with mtime 1609636415.856942
File /home/bhagyarsh/Desktop/Gmap/lib/python3.8/site-packages/django/views/generic/list.py first seen with mtime 1609636416.113607
File /home/bhagyarsh/Desktop/Gmap/lib/python3.8/site-packages/django/db/migrations/migration.py first seen with mtime 1609636416.0836072
File /home/bhagyarsh/Desktop/Gmap/lib/python3.8/site-packages/django/test/html.py first seen with mtime 1609636416.103607
File /home/bhagyarsh/Desktop/Gmap/lib/python3.8/site-packages/django/utils/crypto.py first seen with mtime 1609636416.1069403
File /home/bhagyarsh/Desktop/Gmap/lib/python3.8/site-packages/rest_framework/validators.py first seen with mtime 1609640261.750106
File /home/bhagyarsh/Desktop/Gmap/lib/python3.8/site-packages/django/utils/numberformat.py first seen with mtime 1609636416.1102736
File /home/bhagyarsh/Desktop/Gmap/lib/python3.8/site-packages/sqlparse/tokens.py first seen with mtime 1609636415.6636097
File /usr/lib/python3.8/importlib/machinery.py first seen with mtime 1601438438.0
File /home/bhagyarsh/Desktop/Gmap/lib/python3.8/site-packages/rest_framework_jwt/serializers.py first seen with mtime 1609640281.0473237
File /usr/lib/python3.8/sqlite3/dbapi2.py first seen with mtime 1601438438.0
File /home/bhagyarsh/Desktop/Gmap/lib/python3.8/site-packages/django/db/backends/base/client.py first seen with mtime 1609636416.0769405
File /home/bhagyarsh/Desktop/Gmap/lib/python3.8/site-packages/django/db/migrations/operations/fields.py first seen with mtime 1609636416.0869405
File /usr/lib/python3.8/lib-dynload/grp.cpython-38-x86_64-linux-gnu.so first seen with mtime 1601438438.0
File /home/bhagyarsh/Desktop/Gmap/lib/python3.8/site-packages/asgiref/sync.py first seen with mtime 1609636415.4969442
File /home/bhagyarsh/Desktop/Gmap/lib/python3.8/site-packages/corsheaders/conf.py first seen with mtime 1609640244.486502
File /home/bhagyarsh/Desktop/Gmap/lib/python3.8/site-packages/rest_framework/permissions.py first seen with mtime 1609640261.7467728
File /home/bhagyarsh/Desktop/Gmap/lib/python3.8/site-packages/rest_framework/utils/html.py first seen with mtime 1609640261.780107
File /home/bhagyarsh/Desktop/Gmap/lib/python3.8/site-packages/django/core/files/temp.py first seen with mtime 1609636416.0702739
File /home/bhagyarsh/Desktop/Gmap/lib/python3.8/site-packages/django/core/files/uploadedfile.py first seen with mtime 1609636416.0702739
File /home/bhagyarsh/Desktop/Gmap/lib/python3.8/site-packages/django/core/checks/security/base.py first seen with mtime 1609636416.0702739
File /home/bhagyarsh/Desktop/Gmap/lib/python3.8/site-packages/django/test/client.py first seen with mtime 1609636416.103607
File /usr/lib/python3.8/email/policy.py first seen with mtime 1601438438.0
File /home/bhagyarsh/Desktop/Gmap/lib/python3.8/site-packages/django/contrib/auth/apps.py first seen with mtime 1609636415.880275
File /home/bhagyarsh/Desktop/Gmap/lib/python3.8/site-packages/django/core/paginator.py first seen with mtime 1609636416.0669405
File /home/bhagyarsh/Desktop/Gmap/lib/python3.8/site-packages/django/core/mail/__init__.py first seen with mtime 1609636416.0736072
File /home/bhagyarsh/Desktop/Gmap/lib/python3.8/site-packages/django/utils/timesince.py first seen with mtime 1609636416.1102736
File /home/bhagyarsh/Desktop/Gmap/src/accounts/api/views.py first seen with mtime 1610030401.884392
File /usr/lib/python3.8/unittest/result.py first seen with mtime 1601438438.0
File /home/bhagyarsh/Desktop/Gmap/lib/python3.8/site-packages/django/http/multipartparser.py first seen with mtime 1609636416.1002736
File /home/bhagyarsh/Desktop/Gmap/lib/python3.8/site-packages/asgiref/local.py first seen with mtime 1609636415.4969442
File /home/bhagyarsh/Desktop/Gmap/lib/python3.8/site-packages/django/contrib/admin/apps.py first seen with mtime 1609636415.7802758
File /usr/lib/python3.8/linecache.py first seen with mtime 1601438438.0
File /home/bhagyarsh/Desktop/Gmap/lib/python3.8/site-packages/rest_framework/views.py first seen with mtime 1609640261.750106
File /home/bhagyarsh/Desktop/Gmap/lib/python3.8/site-packages/rest_framework/metadata.py first seen with mtime 1609640261.7467728
File /usr/lib/python3.8/_markupbase.py first seen with mtime 1601438438.0
File /home/bhagyarsh/Desktop/Gmap/lib/python3.8/site-packages/rest_framework/schemas/coreapi.py first seen with mtime 1609640261.7601063
File /usr/lib/python3.8/asyncio/format_helpers.py first seen with mtime 1601438438.0
File /home/bhagyarsh/Desktop/Gmap/lib/python3.8/site-packages/django/contrib/messages/apps.py first seen with mtime 1609636415.9936078
File /usr/lib/python3.8/lib-dynload/_decimal.cpython-38-x86_64-linux-gnu.so first seen with mtime 1601438438.0
File /home/bhagyarsh/Desktop/Gmap/lib/python3.8/site-packages/rest_framework/parsers.py first seen with mtime 1609640261.7467728
File /home/bhagyarsh/Desktop/Gmap/lib/python3.8/site-packages/django/views/decorators/__init__.py first seen with mtime 1609636416.1102736
File /usr/lib/python3.8/urllib/request.py first seen with mtime 1601438438.0
File /home/bhagyarsh/Desktop/Gmap/lib/python3.8/site-packages/django/utils/ipv6.py first seen with mtime 1609636416.1102736
File /home/bhagyarsh/Desktop/Gmap/lib/python3.8/site-packages/django/db/models/fields/related_lookups.py first seen with mtime 1609636416.0902739
File /home/bhagyarsh/Desktop/Gmap/lib/python3.8/site-packages/rest_framework/utils/representation.py first seen with mtime 1609640261.780107
File /home/bhagyarsh/Desktop/Gmap/lib/python3.8/site-packages/django/utils/module_loading.py first seen with mtime 1609636416.1102736
File /usr/lib/python3.8/operator.py first seen with mtime 1601438438.0
File /home/bhagyarsh/Desktop/Gmap/lib/python3.8/site-packages/asgiref/current_thread_executor.py first seen with mtime 1609636415.4969442
File /home/bhagyarsh/Desktop/Gmap/lib/python3.8/site-packages/django/contrib/messages/constants.py first seen with mtime 1609636415.9936078
File /home/bhagyarsh/Desktop/Gmap/lib/python3.8/site-packages/django/db/models/lookups.py first seen with mtime 1609636416.0869405
File /usr/lib/python3.8/email/headerregistry.py first seen with mtime 1601438438.0
File /usr/lib/python3.8/unittest/main.py first seen with mtime 1601438438.0
File /home/bhagyarsh/Desktop/Gmap/lib/python3.8/site-packages/django/contrib/staticfiles/checks.py first seen with mtime 1609636416.0669405
File /home/bhagyarsh/Desktop/Gmap/lib/python3.8/site-packages/django/db/models/indexes.py first seen with mtime 1609636416.0869405
File /home/bhagyarsh/Desktop/Gmap/lib/python3.8/site-packages/django/contrib/auth/decorators.py first seen with mtime 1609636415.880275
File /home/bhagyarsh/Desktop/Gmap/lib/python3.8/site-packages/rest_framework/utils/formatting.py first seen with mtime 1609640261.780107
File /usr/lib/python3.8/urllib/__init__.py first seen with mtime 1601438438.0
File /usr/lib/python3.8/wsgiref/handlers.py first seen with mtime 1601438438.0
File /usr/lib/python3.8/email/mime/base.py first seen with mtime 1601438438.0
File /home/bhagyarsh/Desktop/Gmap/lib/python3.8/site-packages/django/core/checks/database.py first seen with mtime 1609636416.0702739
File /home/bhagyarsh/Desktop/Gmap/lib/python3.8/site-packages/django/db/models/sql/datastructures.py first seen with mtime 1609636416.0936072
File /home/bhagyarsh/Desktop/Gmap/lib/python3.8/site-packages/django/contrib/contenttypes/__init__.py first seen with mtime 1609636415.9069417
File /home/bhagyarsh/Desktop/Gmap/lib/python3.8/site-packages/django/db/models/functions/math.py first seen with mtime 1609636416.0902739
File /usr/lib/python3.8/unittest/__init__.py first seen with mtime 1601438438.0
File /home/bhagyarsh/Desktop/Gmap/lib/python3.8/site-packages/django/contrib/staticfiles/management/commands/runserver.py first seen with mtime 1609636416.0669405
File /home/bhagyarsh/Desktop/Gmap/lib/python3.8/site-packages/django/utils/log.py first seen with mtime 1609636416.1102736
File /home/bhagyarsh/Desktop/Gmap/lib/python3.8/site-packages/django/templatetags/static.py first seen with mtime 1609636416.103607
File /usr/lib/python3.8/html/parser.py first seen with mtime 1601438438.0
File /home/bhagyarsh/Desktop/Gmap/lib/python3.8/site-packages/sqlparse/keywords.py first seen with mtime 1609636415.6602764
File /usr/lib/python3.8/http/__init__.py first seen with mtime 1601438438.0
File /home/bhagyarsh/Desktop/Gmap/lib/python3.8/site-packages/django/core/signals.py first seen with mtime 1609636416.0669405
File /home/bhagyarsh/Desktop/Gmap/lib/python3.8/site-packages/django/utils/itercompat.py first seen with mtime 1609636416.1102736
File /usr/lib/python3.8/quopri.py first seen with mtime 1601438438.0
File /home/bhagyarsh/Desktop/Gmap/lib/python3.8/site-packages/rest_framework/schemas/__init__.py first seen with mtime 1609640261.7601063
File /usr/lib/python3.8/asyncio/coroutines.py first seen with mtime 1601438438.0
File /usr/lib/python3.8/inspect.py first seen with mtime 1601438438.0
File /home/bhagyarsh/Desktop/Gmap/lib/python3.8/site-packages/sqlparse/engine/filter_stack.py first seen with mtime 1609636415.6636097
File /usr/lib/python3.8/queue.py first seen with mtime 1601438438.0
File /home/bhagyarsh/Desktop/Gmap/lib/python3.8/site-packages/django/conf/__init__.py first seen with mtime 1609636415.7269428
File /usr/lib/python3.8/email/parser.py first seen with mtime 1601438438.0
File /home/bhagyarsh/Desktop/Gmap/lib/python3.8/site-packages/django/core/management/color.py first seen with mtime 1609636416.0736072
File /home/bhagyarsh/Desktop/Gmap/lib/python3.8/site-packages/django/core/wsgi.py first seen with mtime 1609636416.0669405
File /home/bhagyarsh/Desktop/Gmap/lib/python3.8/site-packages/django/middleware/__init__.py first seen with mtime 1609636416.1002736
File /home/bhagyarsh/Desktop/Gmap/lib/python3.8/site-packages/django/contrib/sites/shortcuts.py first seen with mtime 1609636416.0469408
File /home/bhagyarsh/Desktop/Gmap/lib/python3.8/site-packages/django/core/checks/security/sessions.py first seen with mtime 1609636416.0702739
File /usr/lib/python3.8/asyncio/transports.py first seen with mtime 1601438438.0
File /home/bhagyarsh/Desktop/Gmap/lib/python3.8/site-packages/corsheaders/checks.py first seen with mtime 1609640244.486502
File /home/bhagyarsh/Desktop/Gmap/lib/python3.8/site-packages/django/template/defaulttags.py first seen with mtime 1609636416.1002736
File /usr/lib/python3.8/lib-dynload/_pickle.cpython-38-x86_64-linux-gnu.so first seen with mtime 1601438438.0
File /home/bhagyarsh/Desktop/Gmap/lib/python3.8/site-packages/rest_framework/utils/encoders.py first seen with mtime 1609640261.780107
File /home/bhagyarsh/Desktop/Gmap/lib/python3.8/site-packages/django/urls/converters.py first seen with mtime 1609636416.1069403
File /home/bhagyarsh/Desktop/Gmap/lib/python3.8/site-packages/django/contrib/staticfiles/apps.py first seen with mtime 1609636416.0669405
File /home/bhagyarsh/Desktop/Gmap/lib/python3.8/site-packages/django/db/models/aggregates.py first seen with mtime 1609636416.0869405
File /usr/lib/python3.8/sre_constants.py first seen with mtime 1601438438.0
File /home/bhagyarsh/Desktop/Gmap/lib/python3.8/site-packages/sqlparse/filters/reindent.py first seen with mtime 1609636415.6636097
File /usr/lib/python3.8/lib-dynload/_hashlib.cpython-38-x86_64-linux-gnu.so first seen with mtime 1601438438.0
File /home/bhagyarsh/Desktop/Gmap/lib/python3.8/site-packages/django/core/management/base.py first seen with mtime 1609636416.0736072
File /home/bhagyarsh/Desktop/Gmap/lib/python3.8/site-packages/django/http/cookie.py first seen with mtime 1609636416.1002736
File /home/bhagyarsh/Desktop/Gmap/lib/python3.8/site-packages/django/db/models/functions/text.py first seen with mtime 1609636416.0902739
File /usr/lib/python3.8/_bootlocale.py first seen with mtime 1601438438.0
File /home/bhagyarsh/Desktop/Gmap/lib/python3.8/site-packages/django/db/models/fields/reverse_related.py first seen with mtime 1609636416.0902739
File /home/bhagyarsh/Desktop/Gmap/lib/python3.8/site-packages/django/views/generic/detail.py first seen with mtime 1609636416.113607
File /home/bhagyarsh/Desktop/Gmap/lib/python3.8/site-packages/django/template/backends/django.py first seen with mtime 1609636416.103607
File /home/bhagyarsh/Desktop/Gmap/lib/python3.8/site-packages/rest_framework/exceptions.py first seen with mtime 1609640261.7467728
File /home/bhagyarsh/Desktop/Gmap/lib/python3.8/site-packages/django/contrib/auth/management/__init__.py first seen with mtime 1609636415.9069417
File /home/bhagyarsh/Desktop/Gmap/lib/python3.8/site-packages/rest_framework_jwt/authentication.py first seen with mtime 1609640281.0473237
File /home/bhagyarsh/Desktop/Gmap/lib/python3.8/site-packages/django/core/checks/security/__init__.py first seen with mtime 1609636416.0702739
File /usr/lib/python3.8/reprlib.py first seen with mtime 1601438438.0
File /usr/lib/python3.8/token.py first seen with mtime 1601438438.0
File /home/bhagyarsh/Desktop/Gmap/lib/python3.8/site-packages/django/core/handlers/base.py first seen with mtime 1609636416.0702739
File /home/bhagyarsh/Desktop/Gmap/lib/python3.8/site-packages/django/conf/urls/__init__.py first seen with mtime 1609636415.7802758
File /home/bhagyarsh/Desktop/Gmap/lib/python3.8/site-packages/django/contrib/sessions/apps.py first seen with mtime 1609636416.0269408
File /home/bhagyarsh/Desktop/Gmap/lib/python3.8/site-packages/django/core/servers/basehttp.py first seen with mtime 1609636416.0769405
File /home/bhagyarsh/Desktop/Gmap/lib/python3.8/site-packages/django/db/transaction.py first seen with mtime 1609636416.0769405
File /home/bhagyarsh/Desktop/Gmap/lib/python3.8/site-packages/django/db/models/query.py first seen with mtime 1609636416.0869405
File /usr/lib/python3.8/urllib/response.py first seen with mtime 1601438438.0
File /home/bhagyarsh/Desktop/Gmap/lib/python3.8/site-packages/django/forms/fields.py first seen with mtime 1609636416.0936072
File /home/bhagyarsh/Desktop/Gmap/lib/python3.8/site-packages/django/core/checks/caches.py first seen with mtime 1609636416.0702739
File /home/bhagyarsh/Desktop/Gmap/lib/python3.8/site-packages/django/contrib/staticfiles/views.py first seen with mtime 1609636416.0669405
File /usr/lib/python3.8/lib-dynload/_socket.cpython-38-x86_64-linux-gnu.so first seen with mtime 1601438438.0
File /home/bhagyarsh/Desktop/Gmap/lib/python3.8/site-packages/django/contrib/admin/views/__init__.py first seen with mtime 1609636415.856942
File /home/bhagyarsh/Desktop/Gmap/lib/python3.8/site-packages/django/db/backends/sqlite3/introspection.py first seen with mtime 1609636416.0836072
File /home/bhagyarsh/Desktop/Gmap/lib/python3.8/site-packages/django/db/models/fields/files.py first seen with mtime 1609636416.0902739
File /usr/lib/python3.8/lib-dynload/_contextvars.cpython-38-x86_64-linux-gnu.so first seen with mtime 1601438438.0
File /home/bhagyarsh/Desktop/Gmap/lib/python3.8/site-packages/django/db/models/sql/constants.py first seen with mtime 1609636416.0902739
File /home/bhagyarsh/Desktop/Gmap/lib/python3.8/site-packages/django/views/i18n.py first seen with mtime 1609636416.1102736
File /home/bhagyarsh/Desktop/Gmap/lib/python3.8/site-packages/django/utils/regex_helper.py first seen with mtime 1609636416.1102736
File /home/bhagyarsh/Desktop/Gmap/lib/python3.8/site-packages/django/forms/widgets.py first seen with mtime 1609636416.0936072
File /usr/lib/python3.8/asyncio/base_events.py first seen with mtime 1601438438.0
File /usr/lib/python3.8/socketserver.py first seen with mtime 1601438438.0
File /home/bhagyarsh/Desktop/Gmap/lib/python3.8/site-packages/rest_framework/utils/humanize_datetime.py first seen with mtime 1609640261.780107
File /home/bhagyarsh/Desktop/Gmap/lib/python3.8/site-packages/django/contrib/contenttypes/forms.py first seen with mtime 1609636415.9069417
File /home/bhagyarsh/Desktop/Gmap/lib/python3.8/site-packages/django/template/engine.py first seen with mtime 1609636416.1002736
File /home/bhagyarsh/Desktop/Gmap/lib/python3.8/site-packages/django/db/models/sql/subqueries.py first seen with mtime 1609636416.0936072
File /usr/lib/python3.8/email/mime/nonmultipart.py first seen with mtime 1601438438.0
File /usr/lib/python3.8/wsgiref/util.py first seen with mtime 1601438438.0
File /home/bhagyarsh/Desktop/Gmap/lib/python3.8/site-packages/django/contrib/admin/views/autocomplete.py first seen with mtime 1609636415.856942
File /usr/lib/python3.8/hmac.py first seen with mtime 1601438438.0
File /home/bhagyarsh/Desktop/Gmap/lib/python3.8/site-packages/rest_framework_jwt/views.py first seen with mtime 1609640281.0473237
File /home/bhagyarsh/Desktop/Gmap/lib/python3.8/site-packages/rest_framework/settings.py first seen with mtime 1609640261.750106
File /home/bhagyarsh/Desktop/Gmap/lib/python3.8/site-packages/django/contrib/admin/templatetags/__init__.py first seen with mtime 1609636415.856942
File /home/bhagyarsh/Desktop/Gmap/lib/python3.8/site-packages/django/template/library.py first seen with mtime 1609636416.1002736
File /home/bhagyarsh/Desktop/Gmap/lib/python3.8/site-packages/django/views/generic/dates.py first seen with mtime 1609636416.113607
File /usr/lib/python3.8/email/_encoded_words.py first seen with mtime 1601438438.0
File /usr/lib/python3.8/keyword.py first seen with mtime 1601438438.0
File /home/bhagyarsh/Desktop/Gmap/lib/python3.8/site-packages/pytz/tzfile.py first seen with mtime 1609636415.5169442
File /usr/lib/python3.8/weakref.py first seen with mtime 1601438438.0
File /home/bhagyarsh/Desktop/Gmap/lib/python3.8/site-packages/django/core/files/move.py first seen with mtime 1609636416.0702739
File /home/bhagyarsh/Desktop/Gmap/lib/python3.8/site-packages/rest_framework/reverse.py first seen with mtime 1609640261.7467728
File /home/bhagyarsh/Desktop/Gmap/lib/python3.8/site-packages/django/db/backends/signals.py first seen with mtime 1609636416.0769405
File /home/bhagyarsh/Desktop/Gmap/lib/python3.8/site-packages/django/db/backends/sqlite3/creation.py first seen with mtime 1609636416.0836072
File /usr/lib/python3.8/json/scanner.py first seen with mtime 1601438438.0
File /usr/lib/python3.8/importlib/__init__.py first seen with mtime 1601438438.0
File /usr/lib/python3.8/encodings/utf_8.py first seen with mtime 1601438438.0
File /usr/lib/python3.8/socket.py first seen with mtime 1601438438.0
File /home/bhagyarsh/Desktop/Gmap/lib/python3.8/site-packages/django/db/models/functions/comparison.py first seen with mtime 1609636416.0902739
File /usr/lib/python3.8/xml/dom/__init__.py first seen with mtime 1601438438.0
File /usr/lib/python3.8/lib-dynload/_lzma.cpython-38-x86_64-linux-gnu.so first seen with mtime 1601438438.0
File /home/bhagyarsh/Desktop/Gmap/lib/python3.8/site-packages/django/core/management/sql.py first seen with mtime 1609636416.0736072
File /usr/lib/python3.8/datetime.py first seen with mtime 1601438438.0
File /home/bhagyarsh/Desktop/Gmap/lib/python3.8/site-packages/django/template/utils.py first seen with mtime 1609636416.103607
File /usr/lib/python3.8/email/base64mime.py first seen with mtime 1601438438.0
File /home/bhagyarsh/Desktop/Gmap/lib/python3.8/site-packages/django/utils/duration.py first seen with mtime 1609636416.1069403
File /home/bhagyarsh/Desktop/Gmap/src/manage.py first seen with mtime 1609636463.9899797
File /usr/lib/python3.8/fractions.py first seen with mtime 1601438438.0
File /usr/lib/python3.8/json/decoder.py first seen with mtime 1601438438.0
File /usr/lib/python3.8/posixpath.py first seen with mtime 1601438438.0
File /usr/lib/python3.8/random.py first seen with mtime 1601438438.0
File /home/bhagyarsh/Desktop/Gmap/lib/python3.8/site-packages/django/db/migrations/operations/special.py first seen with mtime 1609636416.0869405
File /home/bhagyarsh/Desktop/Gmap/lib/python3.8/site-packages/django/contrib/auth/signals.py first seen with mtime 1609636415.880275
File /home/bhagyarsh/Desktop/Gmap/lib/python3.8/site-packages/django/contrib/__init__.py first seen with mtime 1609636415.7802758
File /usr/lib/python3.8/lib-dynload/_datetime.cpython-38-x86_64-linux-gnu.so first seen with mtime 1601438438.0
File /home/bhagyarsh/Desktop/Gmap/lib/python3.8/site-packages/django/core/mail/message.py first seen with mtime 1609636416.0736072
File /home/bhagyarsh/Desktop/Gmap/lib/python3.8/site-packages/django/utils/topological_sort.py first seen with mtime 1609636416.1102736
File /usr/lib/python3.8/heapq.py first seen with mtime 1601438438.0
File /home/bhagyarsh/Desktop/Gmap/lib/python3.8/site-packages/django/views/decorators/csrf.py first seen with mtime 1609636416.113607
File /home/bhagyarsh/Desktop/Gmap/lib/python3.8/site-packages/django/core/files/base.py first seen with mtime 1609636416.0702739
File /home/bhagyarsh/Desktop/Gmap/lib/python3.8/site-packages/django/db/backends/base/__init__.py first seen with mtime 1609636416.0769405
File /home/bhagyarsh/Desktop/Gmap/lib/python3.8/site-packages/django/db/models/functions/mixins.py first seen with mtime 1609636416.0902739
File /home/bhagyarsh/Desktop/Gmap/lib/python3.8/site-packages/django/utils/formats.py first seen with mtime 1609636416.1069403
File /home/bhagyarsh/Desktop/Gmap/lib/python3.8/site-packages/django/apps/config.py first seen with mtime 1609636415.7269428
File /home/bhagyarsh/Desktop/Gmap/lib/python3.8/site-packages/rest_framework/request.py first seen with mtime 1609640261.7467728
File /home/bhagyarsh/Desktop/Gmap/lib/python3.8/site-packages/django/utils/html.py first seen with mtime 1609636416.1069403
File /home/bhagyarsh/Desktop/Gmap/src/gmap/settings.py first seen with mtime 1610187494.4556987
File /home/bhagyarsh/Desktop/Gmap/lib/python3.8/site-packages/django/template/base.py first seen with mtime 1609636416.1002736
File /home/bhagyarsh/Desktop/Gmap/lib/python3.8/site-packages/django/template/smartif.py first seen with mtime 1609636416.103607
File /home/bhagyarsh/Desktop/Gmap/lib/python3.8/site-packages/django/dispatch/dispatcher.py first seen with mtime 1609636416.0936072
File /usr/lib/python3.8/lib-dynload/_ssl.cpython-38-x86_64-linux-gnu.so first seen with mtime 1601438438.0
File /home/bhagyarsh/Desktop/Gmap/lib/python3.8/site-packages/sqlparse/filters/output.py first seen with mtime 1609636415.6636097
File /home/bhagyarsh/Desktop/Gmap/lib/python3.8/site-packages/django/contrib/contenttypes/fields.py first seen with mtime 1609636415.9069417
File /home/bhagyarsh/Desktop/Gmap/lib/python3.8/site-packages/django/test/__init__.py first seen with mtime 1609636416.103607
File /home/bhagyarsh/Desktop/Gmap/lib/python3.8/site-packages/django/db/backends/sqlite3/client.py first seen with mtime 1609636416.0836072
File /usr/lib/python3.8/lib-dynload/_struct.cpython-38-x86_64-linux-gnu.so first seen with mtime 1601438438.0
File /home/bhagyarsh/Desktop/Gmap/src/accounts/api/__init__.py first seen with mtime 1609637348.9331326
File /usr/lib/python3.8/asyncio/streams.py first seen with mtime 1601438438.0
File /usr/lib/python3.8/unittest/loader.py first seen with mtime 1601438438.0
File /home/bhagyarsh/Desktop/Gmap/lib/python3.8/site-packages/django/utils/dates.py first seen with mtime 1609636416.1069403
File /home/bhagyarsh/Desktop/Gmap/lib/python3.8/site-packages/django/core/checks/model_checks.py first seen with mtime 1609636416.0702739
File /home/bhagyarsh/Desktop/Gmap/lib/python3.8/site-packages/django/template/exceptions.py first seen with mtime 1609636416.1002736
File /usr/lib/python3.8/email/quoprimime.py first seen with mtime 1601438438.0
File /home/bhagyarsh/Desktop/Gmap/lib/python3.8/site-packages/rest_framework/schemas/generators.py first seen with mtime 1609640261.7601063
File /usr/lib/python3.8/asyncio/protocols.py first seen with mtime 1601438438.0
File /home/bhagyarsh/Desktop/Gmap/lib/python3.8/site-packages/django/contrib/sessions/base_session.py first seen with mtime 1609636416.0269408
File /home/bhagyarsh/Desktop/Gmap/lib/python3.8/site-packages/django/core/management/__init__.py first seen with mtime 1609636416.0736072
File /home/bhagyarsh/Desktop/Gmap/lib/python3.8/site-packages/django/utils/decorators.py first seen with mtime 1609636416.1069403
File /home/bhagyarsh/Desktop/Gmap/lib/python3.8/site-packages/django/templatetags/__init__.py first seen with mtime 1609636416.103607
File /home/bhagyarsh/Desktop/Gmap/lib/python3.8/site-packages/django/views/decorators/debug.py first seen with mtime 1609636416.113607
File /home/bhagyarsh/Desktop/Gmap/lib/python3.8/site-packages/sqlparse/engine/__init__.py first seen with mtime 1609636415.6636097
File /usr/lib/python3.8/urllib/parse.py first seen with mtime 1601438438.0
File /home/bhagyarsh/Desktop/Gmap/lib/python3.8/site-packages/django/utils/deconstruct.py first seen with mtime 1609636416.1069403
File /home/bhagyarsh/Desktop/Gmap/lib/python3.8/site-packages/rest_framework/__init__.py first seen with mtime 1609640261.7434392
File /home/bhagyarsh/Desktop/Gmap/lib/python3.8/site-packages/django/core/files/locks.py first seen with mtime 1609636416.0702739
File /home/bhagyarsh/Desktop/Gmap/lib/python3.8/site-packages/rest_framework/utils/__init__.py first seen with mtime 1609640261.780107
File /usr/lib/python3.8/secrets.py first seen with mtime 1601438438.0
File /usr/lib/python3.8/asyncio/futures.py first seen with mtime 1601438438.0
File /usr/lib/python3.8/asyncio/unix_events.py first seen with mtime 1601438438.0
File /home/bhagyarsh/Desktop/Gmap/lib/python3.8/site-packages/django/contrib/contenttypes/checks.py first seen with mtime 1609636415.9069417
File /usr/lib/python3.8/sre_compile.py first seen with mtime 1601438438.0
File /usr/lib/python3.8/xml/dom/minicompat.py first seen with mtime 1601438438.0
File /home/bhagyarsh/Desktop/Gmap/lib/python3.8/site-packages/asgiref/__init__.py first seen with mtime 1609636415.4969442
File /home/bhagyarsh/Desktop/Gmap/src/accounts/views.py first seen with mtime 1609636928.014485
File /usr/lib/python3.8/threading.py first seen with mtime 1601438438.0
File /home/bhagyarsh/Desktop/Gmap/lib/python3.8/site-packages/django/core/exceptions.py first seen with mtime 1609636416.0669405
File /home/bhagyarsh/Desktop/Gmap/lib/python3.8/site-packages/django/contrib/auth/validators.py first seen with mtime 1609636415.8836083
File /usr/lib/python3.8/asyncio/events.py first seen with mtime 1601438438.0
File /usr/lib/python3.8/xml/dom/minidom.py first seen with mtime 1601438438.0
File /usr/lib/python3.8/dis.py first seen with mtime 1601438438.0
File /usr/lib/python3.8/lib-dynload/_blake2.cpython-38-x86_64-linux-gnu.so first seen with mtime 1601438438.0
File /usr/lib/python3.8/_weakrefset.py first seen with mtime 1601438438.0
File /home/bhagyarsh/Desktop/Gmap/lib/python3.8/site-packages/django/contrib/auth/models.py first seen with mtime 1609636415.880275
File /home/bhagyarsh/Desktop/Gmap/lib/python3.8/site-packages/_virtualenv.py first seen with mtime 1609636392.6604242
File /home/bhagyarsh/Desktop/Gmap/lib/python3.8/site-packages/django/core/handlers/__init__.py first seen with mtime 1609636416.0702739
File /home/bhagyarsh/Desktop/Gmap/lib/python3.8/site-packages/django/middleware/csrf.py first seen with mtime 1609636416.1002736
File /usr/lib/python3.8/_collections_abc.py first seen with mtime 1601438438.0
File /home/bhagyarsh/Desktop/Gmap/lib/python3.8/site-packages/sqlparse/engine/grouping.py first seen with mtime 1609636415.6636097
File /usr/lib/python3.8/_compat_pickle.py first seen with mtime 1601438438.0
File /usr/lib/python3.8/pkgutil.py first seen with mtime 1601438438.0
File /usr/lib/python3.8/_sitebuiltins.py first seen with mtime 1601438438.0
File /usr/lib/python3.8/email/mime/text.py first seen with mtime 1601438438.0
File /home/bhagyarsh/Desktop/Gmap/lib/python3.8/site-packages/django/db/models/fields/__init__.py first seen with mtime 1609636416.0902739
File /home/bhagyarsh/Desktop/Gmap/lib/python3.8/site-packages/django/contrib/admin/models.py first seen with mtime 1609636415.7836092
File /home/bhagyarsh/Desktop/Gmap/lib/python3.8/site-packages/django/utils/text.py first seen with mtime 1609636416.1102736
File /home/bhagyarsh/Desktop/Gmap/lib/python3.8/site-packages/django/template/loader.py first seen with mtime 1609636416.1002736
File /usr/lib/python3.8/lib-dynload/fcntl.cpython-38-x86_64-linux-gnu.so first seen with mtime 1601438438.0
File /home/bhagyarsh/Desktop/Gmap/lib/python3.8/site-packages/django/views/static.py first seen with mtime 1609636416.1102736
File /home/bhagyarsh/Desktop/Gmap/lib/python3.8/site-packages/django/shortcuts.py first seen with mtime 1609636415.7269428
File /home/bhagyarsh/Desktop/Gmap/src/gmap/__init__.py first seen with mtime 1609636463.9899797
File /usr/lib/python3.8/unittest/suite.py first seen with mtime 1601438438.0
File /home/bhagyarsh/Desktop/Gmap/lib/python3.8/site-packages/django/contrib/admindocs/utils.py first seen with mtime 1609636415.856942
File /home/bhagyarsh/Desktop/Gmap/lib/python3.8/site-packages/django/core/checks/registry.py first seen with mtime 1609636416.0702739
File /home/bhagyarsh/Desktop/Gmap/lib/python3.8/site-packages/sqlparse/engine/statement_splitter.py first seen with mtime 1609636415.6636097
File /usr/lib/python3.8/xml/dom/xmlbuilder.py first seen with mtime 1601438438.0
File /home/bhagyarsh/Desktop/Gmap/lib/python3.8/site-packages/django/db/backends/base/features.py first seen with mtime 1609636416.0769405
File /home/bhagyarsh/Desktop/Gmap/lib/python3.8/site-packages/django/db/models/query_utils.py first seen with mtime 1609636416.0902739
File /home/bhagyarsh/Desktop/Gmap/lib/python3.8/site-packages/django/forms/boundfield.py first seen with mtime 1609636416.0936072
File /home/bhagyarsh/Desktop/Gmap/lib/python3.8/site-packages/django/db/models/options.py first seen with mtime 1609636416.0869405
File /usr/lib/python3.8/wsgiref/headers.py first seen with mtime 1601438438.0
File /home/bhagyarsh/Desktop/Gmap/lib/python3.8/site-packages/django/utils/cache.py first seen with mtime 1609636416.1069403
File /home/bhagyarsh/Desktop/Gmap/lib/python3.8/site-packages/django/contrib/admin/actions.py first seen with mtime 1609636415.7802758
File /usr/lib/python3.8/lib-dynload/_heapq.cpython-38-x86_64-linux-gnu.so first seen with mtime 1601438438.0
File /home/bhagyarsh/Desktop/Gmap/lib/python3.8/site-packages/django/contrib/contenttypes/apps.py first seen with mtime 1609636415.9069417
File /home/bhagyarsh/Desktop/Gmap/lib/python3.8/site-packages/rest_framework/negotiation.py first seen with mtime 1609640261.7467728
File /usr/lib/python3.8/email/message.py first seen with mtime 1601438438.0
File /usr/lib/python3.8/encodings/aliases.py first seen with mtime 1601438438.0
File /home/bhagyarsh/Desktop/Gmap/lib/python3.8/site-packages/django/db/models/signals.py first seen with mtime 1609636416.0902739
File /home/bhagyarsh/Desktop/Gmap/lib/python3.8/site-packages/django/db/backends/base/operations.py first seen with mtime 1609636416.0769405
File /usr/lib/python3.8/lib-dynload/zlib.cpython-38-x86_64-linux-gnu.so first seen with mtime 1601438438.0
File /home/bhagyarsh/Desktop/Gmap/lib/python3.8/site-packages/django/utils/asyncio.py first seen with mtime 1609636416.1069403
File /home/bhagyarsh/Desktop/Gmap/lib/python3.8/site-packages/django/contrib/messages/storage/__init__.py first seen with mtime 1609636415.9936078
File /home/bhagyarsh/Desktop/Gmap/lib/python3.8/site-packages/rest_framework/utils/mediatypes.py first seen with mtime 1609640261.780107
File /usr/lib/python3.8/string.py first seen with mtime 1601438438.0
File /home/bhagyarsh/Desktop/Gmap/lib/python3.8/site-packages/django/core/checks/security/csrf.py first seen with mtime 1609636416.0702739
File /home/bhagyarsh/Desktop/Gmap/lib/python3.8/site-packages/django/test/utils.py first seen with mtime 1609636416.103607
File /home/bhagyarsh/Desktop/Gmap/src/accounts/api/utils.py first seen with mtime 1609678893.16387
File /home/bhagyarsh/Desktop/Gmap/lib/python3.8/site-packages/django/contrib/staticfiles/handlers.py first seen with mtime 1609636416.0669405
File /home/bhagyarsh/Desktop/Gmap/lib/python3.8/site-packages/django/utils/_os.py first seen with mtime 1609636416.1069403
File /usr/lib/python3.8/email/header.py first seen with mtime 1601438438.0
File /home/bhagyarsh/Desktop/Gmap/lib/python3.8/site-packages/rest_framework/compat.py first seen with mtime 1609640261.7434392
File /usr/lib/python3.8/bz2.py first seen with mtime 1601438438.0
File /home/bhagyarsh/Desktop/Gmap/lib/python3.8/site-packages/django/db/backends/base/base.py first seen with mtime 1609636416.0769405
File /home/bhagyarsh/Desktop/Gmap/lib/python3.8/site-packages/django/contrib/staticfiles/finders.py first seen with mtime 1609636416.0669405
File /usr/lib/python3.8/lib-dynload/_random.cpython-38-x86_64-linux-gnu.so first seen with mtime 1601438438.0
File /home/bhagyarsh/Desktop/Gmap/lib/python3.8/site-packages/django/db/migrations/operations/models.py first seen with mtime 1609636416.0869405
File /usr/lib/python3.8/http/server.py first seen with mtime 1601438438.0
File /home/bhagyarsh/Desktop/Gmap/lib/python3.8/site-packages/rest_framework/response.py first seen with mtime 1609640261.7467728
File /usr/lib/python3.8/asyncio/exceptions.py first seen with mtime 1601438438.0
File /usr/lib/python3.8/email/charset.py first seen with mtime 1601438438.0
File /home/bhagyarsh/Desktop/Gmap/src/accounts/admin.py first seen with mtime 1609636928.014485
File /usr/lib/python3.8/wsgiref/__init__.py first seen with mtime 1601438438.0
File /home/bhagyarsh/Desktop/Gmap/lib/python3.8/site-packages/django/core/handlers/exception.py first seen with mtime 1609636416.0702739
File /usr/lib/python3.8/ntpath.py first seen with mtime 1601438438.0
File /home/bhagyarsh/Desktop/Gmap/lib/python3.8/site-packages/django/core/cache/backends/__init__.py first seen with mtime 1609636416.0669405
File /home/bhagyarsh/Desktop/Gmap/lib/python3.8/site-packages/django/utils/translation/reloader.py first seen with mtime 1609636416.1102736
File /home/bhagyarsh/Desktop/Gmap/lib/python3.8/site-packages/django/core/serializers/python.py first seen with mtime 1609636416.0769405
File /home/bhagyarsh/Desktop/Gmap/lib/python3.8/site-packages/django/core/files/__init__.py first seen with mtime 1609636416.0702739
File /home/bhagyarsh/Desktop/Gmap/src/accounts/api/serializers.py first seen with mtime 1609637722.0188112
File /home/bhagyarsh/Desktop/Gmap/lib/python3.8/site-packages/django/db/backends/utils.py first seen with mtime 1609636416.0769405
File /home/bhagyarsh/Desktop/Gmap/lib/python3.8/site-packages/django/template/__init__.py first seen with mtime 1609636416.1002736
File /usr/lib/python3.8/tempfile.py first seen with mtime 1601438438.0
File /usr/lib/python3.8/asyncio/locks.py first seen with mtime 1601438438.0
File /usr/lib/python3.8/json/encoder.py first seen with mtime 1601438438.0
File /home/bhagyarsh/Desktop/Gmap/lib/python3.8/site-packages/django/db/migrations/exceptions.py first seen with mtime 1609636416.0836072
File /usr/lib/python3.8/email/_header_value_parser.py first seen with mtime 1601438438.0
File /home/bhagyarsh/Desktop/Gmap/lib/python3.8/site-packages/rest_framework/serializers.py first seen with mtime 1609640261.750106
File /home/bhagyarsh/Desktop/Gmap/lib/python3.8/site-packages/rest_framework/utils/json.py first seen with mtime 1609640261.780107
File /usr/lib/python3.8/lib-dynload/binascii.cpython-38-x86_64-linux-gnu.so first seen with mtime 1601438438.0
File /home/bhagyarsh/Desktop/Gmap/lib/python3.8/site-packages/django/contrib/auth/base_user.py first seen with mtime 1609636415.880275
File /home/bhagyarsh/Desktop/Gmap/lib/python3.8/site-packages/django/db/models/fields/proxy.py first seen with mtime 1609636416.0902739
File /usr/lib/python3.8/http/client.py first seen with mtime 1601438438.0
File /home/bhagyarsh/Desktop/Gmap/lib/python3.8/site-packages/jwt/algorithms.py first seen with mtime 1609640281.0239897
File /home/bhagyarsh/Desktop/Gmap/lib/python3.8/site-packages/django/contrib/sites/__init__.py first seen with mtime 1609636416.0469408
File /home/bhagyarsh/Desktop/Gmap/lib/python3.8/site-packages/django/utils/http.py first seen with mtime 1609636416.1102736
File /usr/lib/python3.8/pprint.py first seen with mtime 1601438438.0
File /usr/lib/python3.8/unittest/runner.py first seen with mtime 1601438438.0
File /usr/lib/python3.8/mimetypes.py first seen with mtime 1601438438.0
File /home/bhagyarsh/Desktop/Gmap/lib/python3.8/site-packages/django/core/checks/async_checks.py first seen with mtime 1609636416.0702739
File /usr/lib/python3.8/shutil.py first seen with mtime 1601438438.0
File /usr/lib/python3.8/importlib/abc.py first seen with mtime 1601438438.0
File /home/bhagyarsh/Desktop/Gmap/lib/python3.8/site-packages/django/contrib/admin/helpers.py first seen with mtime 1609636415.7836092
File /home/bhagyarsh/Desktop/Gmap/lib/python3.8/site-packages/rest_framework/relations.py first seen with mtime 1609640261.7467728
File /home/bhagyarsh/Desktop/Gmap/lib/python3.8/site-packages/django/core/__init__.py first seen with mtime 1609636416.0669405
File /usr/lib/python3.8/subprocess.py first seen with mtime 1601438438.0
File /usr/lib/python3.8/io.py first seen with mtime 1601438438.0
File /usr/lib/python3.8/argparse.py first seen with mtime 1601438438.0
File /home/bhagyarsh/Desktop/Gmap/lib/python3.8/site-packages/django/contrib/auth/admin.py first seen with mtime 1609636415.880275
File /usr/lib/python3.8/contextvars.py first seen with mtime 1601438438.0
File /home/bhagyarsh/Desktop/Gmap/lib/python3.8/site-packages/django/contrib/admin/utils.py first seen with mtime 1609636415.7836092
File /usr/lib/python3.8/asyncio/base_subprocess.py first seen with mtime 1601438438.0
File /home/bhagyarsh/Desktop/Gmap/lib/python3.8/site-packages/django/db/__init__.py first seen with mtime 1609636416.0769405
File /usr/lib/python3.8/collections/__init__.py first seen with mtime 1601438438.0
File /usr/lib/python3.8/email/mime/message.py first seen with mtime 1601438438.0
File /home/bhagyarsh/Desktop/Gmap/lib/python3.8/site-packages/django/core/checks/__init__.py first seen with mtime 1609636416.0702739
File /usr/lib/python3.8/stat.py first seen with mtime 1601438438.0
File /home/bhagyarsh/Desktop/Gmap/lib/python3.8/site-packages/django/views/decorators/cache.py first seen with mtime 1609636416.1102736
File /home/bhagyarsh/Desktop/Gmap/lib/python3.8/site-packages/django/core/servers/__init__.py first seen with mtime 1609636416.0769405
File /home/bhagyarsh/Desktop/Gmap/lib/python3.8/site-packages/django/db/models/fields/json.py first seen with mtime 1609636416.0902739
File /usr/lib/python3.8/urllib/error.py first seen with mtime 1601438438.0
File /home/bhagyarsh/Desktop/Gmap/lib/python3.8/site-packages/django/core/checks/templates.py first seen with mtime 1609636416.0702739
File /usr/lib/python3.8/genericpath.py first seen with mtime 1601438438.0
File /usr/lib/python3.8/wsgiref/simple_server.py first seen with mtime 1601438438.0
File /home/bhagyarsh/Desktop/Gmap/lib/python3.8/site-packages/django/db/models/enums.py first seen with mtime 1609636416.0869405
File /home/bhagyarsh/Desktop/Gmap/lib/python3.8/site-packages/django/forms/renderers.py first seen with mtime 1609636416.0936072
File /home/bhagyarsh/Desktop/Gmap/lib/python3.8/site-packages/django/core/management/commands/runserver.py first seen with mtime 1609636416.0736072
File /usr/lib/python3.8/logging/handlers.py first seen with mtime 1601438438.0
File /home/bhagyarsh/Desktop/Gmap/lib/python3.8/site-packages/django/urls/utils.py first seen with mtime 1609636416.1069403
File /usr/lib/python3.8/uu.py first seen with mtime 1601438438.0
File /home/bhagyarsh/Desktop/Gmap/lib/python3.8/site-packages/django/views/generic/__init__.py first seen with mtime 1609636416.113607
File /home/bhagyarsh/Desktop/Gmap/lib/python3.8/site-packages/django/core/checks/translation.py first seen with mtime 1609636416.0702739
File /usr/lib/python3.8/asyncio/staggered.py first seen with mtime 1601438438.0
File /home/bhagyarsh/Desktop/Gmap/lib/python3.8/site-packages/django/contrib/admin/exceptions.py first seen with mtime 1609636415.7802758
File /home/bhagyarsh/Desktop/Gmap/lib/python3.8/site-packages/rest_framework/fields.py first seen with mtime 1609640261.7467728
File /usr/lib/python3.8/abc.py first seen with mtime 1601438438.0
File /usr/lib/python3.8/encodings/__init__.py first seen with mtime 1601438438.0
File /home/bhagyarsh/Desktop/Gmap/lib/python3.8/site-packages/django/db/models/sql/query.py first seen with mtime 1609636416.0936072
File /home/bhagyarsh/Desktop/Gmap/lib/python3.8/site-packages/django/urls/conf.py first seen with mtime 1609636416.1069403
File /usr/lib/python3.8/platform.py first seen with mtime 1601438438.0
File /home/bhagyarsh/Desktop/Gmap/lib/python3.8/site-packages/django/utils/datetime_safe.py first seen with mtime 1609636416.1069403
File /home/bhagyarsh/Desktop/Gmap/lib/python3.8/site-packages/django/db/models/expressions.py first seen with mtime 1609636416.0869405
File /usr/lib/python3.8/opcode.py first seen with mtime 1601438438.0
File /usr/lib/python3.8/traceback.py first seen with mtime 1601438438.0
File /usr/lib/python3.8/_compression.py first seen with mtime 1601438438.0
File /usr/lib/python3.8/lib-dynload/_queue.cpython-38-x86_64-linux-gnu.so first seen with mtime 1601438438.0
File /usr/lib/python3.8/decimal.py first seen with mtime 1601438438.0
File /home/bhagyarsh/Desktop/Gmap/lib/python3.8/site-packages/django/db/migrations/state.py first seen with mtime 1609636416.0836072
File /home/bhagyarsh/Desktop/Gmap/src/accounts/api/urls.py first seen with mtime 1609641139.373262
File /usr/lib/python3.8/lib-dynload/_bz2.cpython-38-x86_64-linux-gnu.so first seen with mtime 1601438438.0
File /home/bhagyarsh/Desktop/Gmap/lib/python3.8/site-packages/django/core/files/utils.py first seen with mtime 1609636416.0702739
File /home/bhagyarsh/Desktop/Gmap/lib/python3.8/site-packages/rest_framework/checks.py first seen with mtime 1609640261.7434392
File /home/bhagyarsh/Desktop/Gmap/lib/python3.8/site-packages/django/urls/base.py first seen with mtime 1609636416.1069403
File /usr/lib/python3.8/statistics.py first seen with mtime 1601438438.0
File /home/bhagyarsh/Desktop/Gmap/lib/python3.8/site-packages/django/db/backends/base/introspection.py first seen with mtime 1609636416.0769405
File /home/bhagyarsh/Desktop/Gmap/lib/python3.8/site-packages/django/contrib/contenttypes/admin.py first seen with mtime 1609636415.9069417
File /home/bhagyarsh/Desktop/Gmap/lib/python3.8/site-packages/django/middleware/cache.py first seen with mtime 1609636416.1002736
File /usr/lib/python3.8/lib-dynload/_uuid.cpython-38-x86_64-linux-gnu.so first seen with mtime 1601438438.0
File /home/bhagyarsh/Desktop/Gmap/lib/python3.8/site-packages/django/contrib/admindocs/__init__.py first seen with mtime 1609636415.856942
File /home/bhagyarsh/Desktop/Gmap/lib/python3.8/site-packages/django/urls/resolvers.py first seen with mtime 1609636416.1069403
File /home/bhagyarsh/Desktop/Gmap/lib/python3.8/site-packages/django/db/backends/base/schema.py first seen with mtime 1609636416.0802739
File /home/bhagyarsh/Desktop/Gmap/lib/python3.8/site-packages/django/core/files/uploadhandler.py first seen with mtime 1609636416.0702739
File /usr/lib/python3.8/email/feedparser.py first seen with mtime 1601438438.0
File /home/bhagyarsh/Desktop/Gmap/lib/python3.8/site-packages/django/template/response.py first seen with mtime 1609636416.103607
File /home/bhagyarsh/Desktop/Gmap/lib/python3.8/site-packages/rest_framework/utils/urls.py first seen with mtime 1609640261.780107
File /home/bhagyarsh/Desktop/Gmap/lib/python3.8/site-packages/django/template/context.py first seen with mtime 1609636416.1002736
File /home/bhagyarsh/Desktop/Gmap/lib/python3.8/site-packages/django/contrib/admin/views/decorators.py first seen with mtime 1609636415.856942
File /home/bhagyarsh/Desktop/Gmap/lib/python3.8/site-packages/sqlparse/formatter.py first seen with mtime 1609636415.6602764
File /home/bhagyarsh/Desktop/Gmap/lib/python3.8/site-packages/django/urls/exceptions.py first seen with mtime 1609636416.1069403
File /home/bhagyarsh/Desktop/Gmap/lib/python3.8/site-packages/rest_framework/generics.py first seen with mtime 1609640261.7467728
File /usr/lib/python3.8/struct.py first seen with mtime 1601438438.0
File /usr/lib/python3.8/sqlite3/__init__.py first seen with mtime 1601438438.0
File /usr/lib/python3.8/asyncio/__init__.py first seen with mtime 1601438438.0
File /home/bhagyarsh/Desktop/Gmap/lib/python3.8/site-packages/rest_framework/utils/serializer_helpers.py first seen with mtime 1609640261.780107
File /home/bhagyarsh/Desktop/Gmap/lib/python3.8/site-packages/django/contrib/admin/options.py first seen with mtime 1609636415.7836092
File /usr/lib/python3.8/email/mime/multipart.py first seen with mtime 1601438438.0
File /home/bhagyarsh/Desktop/Gmap/lib/python3.8/site-packages/sqlparse/filters/__init__.py first seen with mtime 1609636415.6636097
File /home/bhagyarsh/Desktop/Gmap/lib/python3.8/site-packages/django/core/cache/backends/base.py first seen with mtime 1609636416.0669405
File /home/bhagyarsh/Desktop/Gmap/lib/python3.8/site-packages/django/contrib/admin/sites.py first seen with mtime 1609636415.7836092
File /home/bhagyarsh/Desktop/Gmap/lib/python3.8/site-packages/django/db/migrations/operations/base.py first seen with mtime 1609636416.0869405
File /home/bhagyarsh/Desktop/Gmap/lib/python3.8/site-packages/django/forms/formsets.py first seen with mtime 1609636416.0936072
File /home/bhagyarsh/Desktop/Gmap/lib/python3.8/site-packages/django/contrib/contenttypes/management/__init__.py first seen with mtime 1609636415.923608
File /usr/lib/python3.8/hashlib.py first seen with mtime 1601438438.0
File /usr/lib/python3.8/types.py first seen with mtime 1601438438.0
File /home/bhagyarsh/Desktop/Gmap/lib/python3.8/site-packages/django/contrib/staticfiles/utils.py first seen with mtime 1609636416.0669405
File /home/bhagyarsh/Desktop/Gmap/lib/python3.8/site-packages/rest_framework/utils/model_meta.py first seen with mtime 1609640261.780107
File /usr/lib/python3.8/tokenize.py first seen with mtime 1601438438.0
File /home/bhagyarsh/Desktop/Gmap/lib/python3.8/site-packages/pytz/__init__.py first seen with mtime 1609636415.5169442
File /home/bhagyarsh/Desktop/Gmap/lib/python3.8/site-packages/django/contrib/admin/templatetags/admin_urls.py first seen with mtime 1609636415.856942
File /home/bhagyarsh/Desktop/Gmap/lib/python3.8/site-packages/django/apps/registry.py first seen with mtime 1609636415.7269428
File /home/bhagyarsh/Desktop/Gmap/lib/python3.8/site-packages/django/db/migrations/__init__.py first seen with mtime 1609636416.0836072
File /home/bhagyarsh/Desktop/Gmap/lib/python3.8/site-packages/django/views/__init__.py first seen with mtime 1609636416.1102736
File /home/bhagyarsh/Desktop/Gmap/lib/python3.8/site-packages/django/conf/global_settings.py first seen with mtime 1609636415.7269428
File /home/bhagyarsh/Desktop/Gmap/lib/python3.8/site-packages/django/db/models/utils.py first seen with mtime 1609636416.0902739
File /home/bhagyarsh/Desktop/Gmap/src/accounts/models.py first seen with mtime 1609640895.3978984
File /usr/lib/python3.8/fnmatch.py first seen with mtime 1601438438.0
File /usr/lib/python3.8/http/cookies.py first seen with mtime 1601438438.0
File /home/bhagyarsh/Desktop/Gmap/lib/python3.8/site-packages/django/db/utils.py first seen with mtime 1609636416.0769405
File /home/bhagyarsh/Desktop/Gmap/lib/python3.8/site-packages/rest_framework/schemas/openapi.py first seen with mtime 1609640261.76344
File /usr/lib/python3.8/lib-dynload/_json.cpython-38-x86_64-linux-gnu.so first seen with mtime 1601438438.0
File /home/bhagyarsh/Desktop/Gmap/src/accounts/__init__.py first seen with mtime 1609636928.0111516
File /home/bhagyarsh/Desktop/Gmap/lib/python3.8/site-packages/rest_framework/schemas/inspectors.py first seen with mtime 1609640261.76344
File /usr/lib/python3.8/asyncio/constants.py first seen with mtime 1601438438.0
File /home/bhagyarsh/Desktop/Gmap/lib/python3.8/site-packages/sqlparse/utils.py first seen with mtime 1609636415.6636097
File /usr/lib/python3.8/lib-dynload/_sha512.cpython-38-x86_64-linux-gnu.so first seen with mtime 1601438438.0
File /usr/lib/python3.8/asyncio/base_tasks.py first seen with mtime 1601438438.0
File /home/bhagyarsh/Desktop/Gmap/lib/python3.8/site-packages/rest_framework_jwt/utils.py first seen with mtime 1609640281.0473237
File /home/bhagyarsh/Desktop/Gmap/lib/python3.8/site-packages/django/utils/hashable.py first seen with mtime 1609636416.1069403
File /usr/lib/python3.8/email/encoders.py first seen with mtime 1601438438.0
File /home/bhagyarsh/Desktop/Gmap/lib/python3.8/site-packages/django/contrib/messages/api.py first seen with mtime 1609636415.9936078
File /home/bhagyarsh/Desktop/Gmap/lib/python3.8/site-packages/django/conf/locale/__init__.py first seen with mtime 1609636415.7269428
File /home/bhagyarsh/Desktop/Gmap/lib/python3.8/site-packages/django/db/backends/base/validation.py first seen with mtime 1609636416.0802739
File /home/bhagyarsh/Desktop/Gmap/lib/python3.8/site-packages/django/forms/models.py first seen with mtime 1609636416.0936072
File /home/bhagyarsh/Desktop/Gmap/src/gmap/urls.py first seen with mtime 1609640317.678318
File /home/bhagyarsh/Desktop/Gmap/lib/python3.8/site-packages/django/test/testcases.py first seen with mtime 1609636416.103607
File /home/bhagyarsh/Desktop/Gmap/lib/python3.8/site-packages/django/db/models/base.py first seen with mtime 1609636416.0869405
File /usr/lib/python3.8/html/entities.py first seen with mtime 1601438438.0
File /home/bhagyarsh/Desktop/Gmap/lib/python3.8/site-packages/rest_framework/apps.py first seen with mtime 1609640261.7434392
File /home/bhagyarsh/Desktop/Gmap/lib/python3.8/site-packages/django/core/serializers/base.py first seen with mtime 1609636416.0769405
File /home/bhagyarsh/Desktop/Gmap/lib/python3.8/site-packages/rest_framework/utils/field_mapping.py first seen with mtime 1609640261.780107
File /home/bhagyarsh/Desktop/Gmap/lib/python3.8/site-packages/corsheaders/defaults.py first seen with mtime 1609640244.486502
File /home/bhagyarsh/Desktop/Gmap/lib/python3.8/site-packages/django/db/models/functions/datetime.py first seen with mtime 1609636416.0902739
File /home/bhagyarsh/Desktop/Gmap/lib/python3.8/site-packages/rest_framework/authentication.py first seen with mtime 1609640261.7434392
File /home/bhagyarsh/Desktop/Gmap/lib/python3.8/site-packages/django/db/backends/__init__.py first seen with mtime 1609636416.0769405
File /home/bhagyarsh/Desktop/Gmap/lib/python3.8/site-packages/django/contrib/admin/filters.py first seen with mtime 1609636415.7802758
File /usr/lib/python3.8/lib-dynload/unicodedata.cpython-38-x86_64-linux-gnu.so first seen with mtime 1601438438.0
File /home/bhagyarsh/Desktop/Gmap/lib/python3.8/site-packages/django/utils/termcolors.py first seen with mtime 1609636416.1102736
File /usr/lib/python3.8/uuid.py first seen with mtime 1601438438.0
File /usr/lib/python3.8/asyncio/trsock.py first seen with mtime 1601438438.0
File /usr/lib/python3.8/unittest/async_case.py first seen with mtime 1601438438.0
File /home/bhagyarsh/Desktop/Gmap/lib/python3.8/site-packages/django/db/models/manager.py first seen with mtime 1609636416.0869405
File /home/bhagyarsh/Desktop/Gmap/lib/python3.8/site-packages/django/template/backends/base.py first seen with mtime 1609636416.103607
File /usr/lib/python3.8/unittest/signals.py first seen with mtime 1601438438.0
File /home/bhagyarsh/Desktop/Gmap/lib/python3.8/site-packages/sqlparse/exceptions.py first seen with mtime 1609636415.6602764
File /home/bhagyarsh/Desktop/Gmap/lib/python3.8/site-packages/django/utils/tree.py first seen with mtime 1609636416.1102736
File /home/bhagyarsh/Desktop/Gmap/lib/python3.8/site-packages/django/contrib/auth/__init__.py first seen with mtime 1609636415.880275
File /usr/lib/python3.8/email/_policybase.py first seen with mtime 1601438438.0
File /home/bhagyarsh/Desktop/Gmap/lib/python3.8/site-packages/django/db/models/fields/related_descriptors.py first seen with mtime 1609636416.0902739
File /usr/lib/python3.8/site.py first seen with mtime 1601438438.0
File /home/bhagyarsh/Desktop/Gmap/lib/python3.8/site-packages/rest_framework/utils/breadcrumbs.py first seen with mtime 1609640261.780107
File /usr/lib/python3.8/selectors.py first seen with mtime 1601438438.0
File /home/bhagyarsh/Desktop/Gmap/lib/python3.8/site-packages/django/views/generic/base.py first seen with mtime 1609636416.113607
File /home/bhagyarsh/Desktop/Gmap/lib/python3.8/site-packages/django/contrib/admin/__init__.py first seen with mtime 1609636415.7802758
File /home/bhagyarsh/Desktop/Gmap/lib/python3.8/site-packages/django/contrib/postgres/__init__.py first seen with mtime 1609636415.9936078
File /home/bhagyarsh/Desktop/Gmap/lib/python3.8/site-packages/django/contrib/messages/__init__.py first seen with mtime 1609636415.9936078
File /home/bhagyarsh/Desktop/Gmap/lib/python3.8/site-packages/django/db/backends/sqlite3/features.py first seen with mtime 1609636416.0836072
File /home/bhagyarsh/Desktop/Gmap/lib/python3.8/site-packages/django/utils/inspect.py first seen with mtime 1609636416.1102736
File /home/bhagyarsh/Desktop/Gmap/lib/python3.8/site-packages/django/db/models/sql/where.py first seen with mtime 1609636416.0936072
File /usr/lib/python3.8/lib-dynload/_statistics.cpython-38-x86_64-linux-gnu.so first seen with mtime 1601438438.0
File /home/bhagyarsh/Desktop/Gmap/lib/python3.8/site-packages/django/db/models/functions/__init__.py first seen with mtime 1609636416.0902739
File /home/bhagyarsh/Desktop/Gmap/lib/python3.8/site-packages/jwt/__init__.py first seen with mtime 1609640281.0239897
File /home/bhagyarsh/Desktop/Gmap/lib/python3.8/site-packages/pytz/lazy.py first seen with mtime 1609636415.5169442
File /usr/lib/python3.8/unittest/util.py first seen with mtime 1601438438.0
File /home/bhagyarsh/Desktop/Gmap/src/gmap/rest_settings.py first seen with mtime 1609725919.1312943
File /home/bhagyarsh/Desktop/Gmap/lib/python3.8/site-packages/django/db/backends/sqlite3/operations.py first seen with mtime 1609636416.0836072
File /home/bhagyarsh/Desktop/Gmap/lib/python3.8/site-packages/django/utils/version.py first seen with mtime 1609636416.1102736
File /usr/lib/python3.8/distutils/version.py first seen with mtime 1601438438.0
File /usr/lib/python3.8/concurrent/futures/_base.py first seen with mtime 1601438438.0
File /usr/lib/python3.8/base64.py first seen with mtime 1601438438.0
File /usr/lib/python3.8/collections/abc.py first seen with mtime 1601438438.0
File /usr/lib/python3.8/concurrent/__init__.py first seen with mtime 1601438438.0
File /usr/lib/python3.8/json/__init__.py first seen with mtime 1601438438.0
File /home/bhagyarsh/Desktop/Gmap/lib/python3.8/site-packages/django/apps/__init__.py first seen with mtime 1609636415.7269428
File /home/bhagyarsh/Desktop/Gmap/lib/python3.8/site-packages/django/db/backends/ddl_references.py first seen with mtime 1609636416.0769405
File /home/bhagyarsh/Desktop/Gmap/lib/python3.8/site-packages/django/urls/__init__.py first seen with mtime 1609636416.1069403
File /usr/lib/python3.8/email/_parseaddr.py first seen with mtime 1601438438.0
File /home/bhagyarsh/Desktop/Gmap/lib/python3.8/site-packages/django/__init__.py first seen with mtime 1609636415.7269428
File /home/bhagyarsh/Desktop/Gmap/lib/python3.8/site-packages/django/dispatch/__init__.py first seen with mtime 1609636416.0936072
File /home/bhagyarsh/Desktop/Gmap/lib/python3.8/site-packages/django/core/handlers/asgi.py first seen with mtime 1609636416.0702739
File /home/bhagyarsh/Desktop/Gmap/lib/python3.8/site-packages/sqlparse/filters/others.py first seen with mtime 1609636415.6636097
File /usr/lib/python3.8/asyncio/log.py first seen with mtime 1601438438.0
File /home/bhagyarsh/Desktop/Gmap/lib/python3.8/site-packages/django/contrib/contenttypes/models.py first seen with mtime 1609636415.9069417
File /home/bhagyarsh/Desktop/Gmap/lib/python3.8/site-packages/jwt/api_jwt.py first seen with mtime 1609640281.0239897
File /home/bhagyarsh/Desktop/Gmap/lib/python3.8/site-packages/rest_framework_jwt/settings.py first seen with mtime 1609640281.0473237
File /home/bhagyarsh/Desktop/Gmap/lib/python3.8/site-packages/django/db/backends/sqlite3/base.py first seen with mtime 1609636416.0836072
File /usr/lib/python3.8/bisect.py first seen with mtime 1601438438.0
File /usr/lib/python3.8/xml/__init__.py first seen with mtime 1601438438.0
File /home/bhagyarsh/Desktop/Gmap/lib/python3.8/site-packages/django/utils/encoding.py first seen with mtime 1609636416.1069403
File /home/bhagyarsh/Desktop/Gmap/lib/python3.8/site-packages/sqlparse/filters/tokens.py first seen with mtime 1609636415.6636097
File /home/bhagyarsh/Desktop/Gmap/lib/python3.8/site-packages/django/utils/functional.py first seen with mtime 1609636416.1069403
File /home/bhagyarsh/Desktop/Gmap/lib/python3.8/site-packages/django/contrib/admin/decorators.py first seen with mtime 1609636415.7802758
File /home/bhagyarsh/Desktop/Gmap/lib/python3.8/site-packages/django/db/migrations/operations/__init__.py first seen with mtime 1609636416.0869405
File /usr/lib/python3.8/asyncio/subprocess.py first seen with mtime 1601438438.0
File /home/bhagyarsh/Desktop/Gmap/lib/python3.8/site-packages/django/core/checks/urls.py first seen with mtime 1609636416.0702739
File /home/bhagyarsh/Desktop/Gmap/lib/python3.8/site-packages/django/http/request.py first seen with mtime 1609636416.1002736
File /usr/lib/python3.8/lib-dynload/select.cpython-38-x86_64-linux-gnu.so first seen with mtime 1601438438.0
File /home/bhagyarsh/Desktop/Gmap/lib/python3.8/site-packages/django/forms/utils.py first seen with mtime 1609636416.0936072
File /usr/lib/python3.8/pathlib.py first seen with mtime 1601438438.0
File /home/bhagyarsh/Desktop/Gmap/lib/python3.8/site-packages/sqlparse/sql.py first seen with mtime 1609636415.6636097
File /home/bhagyarsh/Desktop/Gmap/lib/python3.8/site-packages/pytz/exceptions.py first seen with mtime 1609636415.5169442
File /home/bhagyarsh/Desktop/Gmap/lib/python3.8/site-packages/sqlparse/lexer.py first seen with mtime 1609636415.6636097
File /home/bhagyarsh/Desktop/Gmap/lib/python3.8/site-packages/django/views/generic/edit.py first seen with mtime 1609636416.113607
File /home/bhagyarsh/Desktop/Gmap/lib/python3.8/site-packages/django/contrib/contenttypes/views.py first seen with mtime 1609636415.9069417
File /usr/lib/python3.8/email/errors.py first seen with mtime 1601438438.0
File /home/bhagyarsh/Desktop/Gmap/lib/python3.8/site-packages/django/template/defaultfilters.py first seen with mtime 1609636416.1002736
File /usr/lib/python3.8/cgi.py first seen with mtime 1601438438.0
File /usr/lib/python3.8/logging/config.py first seen with mtime 1601438438.0
File /usr/lib/python3.8/asyncio/selector_events.py first seen with mtime 1601438438.0
File /usr/lib/python3.8/encodings/latin_1.py first seen with mtime 1601438438.0
File /usr/lib/python3.8/calendar.py first seen with mtime 1601438438.0
File /home/bhagyarsh/Desktop/Gmap/lib/python3.8/site-packages/django/http/__init__.py first seen with mtime 1609636416.1002736
File /home/bhagyarsh/Desktop/Gmap/lib/python3.8/site-packages/django/utils/translation/__init__.py first seen with mtime 1609636416.1102736
File /home/bhagyarsh/Desktop/Gmap/lib/python3.8/site-packages/django/db/models/deletion.py first seen with mtime 1609636416.0869405
File /home/bhagyarsh/Desktop/Gmap/lib/python3.8/site-packages/django/forms/forms.py first seen with mtime 1609636416.0936072
File /usr/lib/python3.8/html/__init__.py first seen with mtime 1601438438.0
File /usr/lib/python3.8/asyncio/base_futures.py first seen with mtime 1601438438.0
File /home/bhagyarsh/Desktop/Gmap/lib/python3.8/site-packages/django/contrib/staticfiles/__init__.py first seen with mtime 1609636416.0669405
File /usr/lib/python3.8/importlib/util.py first seen with mtime 1601438438.0
File /usr/lib/python3.8/signal.py first seen with mtime 1601438438.0
File /home/bhagyarsh/Desktop/Gmap/lib/python3.8/site-packages/django/db/models/__init__.py first seen with mtime 1609636416.0869405
File /home/bhagyarsh/Desktop/Gmap/lib/python3.8/site-packages/django/core/mail/utils.py first seen with mtime 1609636416.0736072
File /usr/lib/python3.8/contextlib.py first seen with mtime 1601438438.0
File /usr/lib/python3.8/sre_parse.py first seen with mtime 1601438438.0
File /home/bhagyarsh/Desktop/Gmap/lib/python3.8/site-packages/django/core/serializers/__init__.py first seen with mtime 1609636416.0769405
File /usr/lib/python3.8/getpass.py first seen with mtime 1601438438.0
File /usr/lib/python3.8/warnings.py first seen with mtime 1601438438.0
File /usr/lib/python3.8/asyncio/tasks.py first seen with mtime 1601438438.0
File /usr/lib/python3.8/copyreg.py first seen with mtime 1601438438.0
File /usr/lib/python3.8/unittest/case.py first seen with mtime 1601438438.0
File /usr/lib/python3.8/asyncio/runners.py first seen with mtime 1601438438.0
File /home/bhagyarsh/Desktop/Gmap/lib/python3.8/site-packages/django/db/models/functions/window.py first seen with mtime 1609636416.0902739
File /home/bhagyarsh/Desktop/Gmap/lib/python3.8/site-packages/django/contrib/auth/forms.py first seen with mtime 1609636415.880275
File /usr/lib/python3.8/email/__init__.py first seen with mtime 1601438438.0
File /home/bhagyarsh/Desktop/Gmap/lib/python3.8/site-packages/jwt/compat.py first seen with mtime 1609640281.0239897
File /home/bhagyarsh/Desktop/Gmap/lib/python3.8/site-packages/sqlparse/__init__.py first seen with mtime 1609636415.6602764
File /home/bhagyarsh/Desktop/Gmap/lib/python3.8/site-packages/jwt/utils.py first seen with mtime 1609640281.0239897
File /home/bhagyarsh/Desktop/Gmap/lib/python3.8/site-packages/django/utils/datastructures.py first seen with mtime 1609636416.1069403
File /usr/lib/python3.8/email/contentmanager.py first seen with mtime 1601438438.0
File /home/bhagyarsh/Desktop/Gmap/lib/python3.8/site-packages/django/core/files/images.py first seen with mtime 1609636416.0702739
File /home/bhagyarsh/Desktop/Gmap/lib/python3.8/site-packages/django/contrib/auth/tokens.py first seen with mtime 1609636415.8836083
File /home/bhagyarsh/Desktop/Gmap/lib/python3.8/site-packages/rest_framework_jwt/__init__.py first seen with mtime 1609640281.0473237
File /usr/lib/python3.8/xml/dom/domreg.py first seen with mtime 1601438438.0
File /home/bhagyarsh/Desktop/Gmap/lib/python3.8/site-packages/django/core/validators.py first seen with mtime 1609636416.0669405
File /home/bhagyarsh/Desktop/Gmap/lib/python3.8/site-packages/django/template/backends/__init__.py first seen with mtime 1609636416.103607
File /usr/lib/python3.8/concurrent/futures/thread.py first seen with mtime 1601438438.0
File /home/bhagyarsh/Desktop/Gmap/lib/python3.8/site-packages/django/utils/dateformat.py first seen with mtime 1609636416.1069403
File /usr/lib/python3.8/lib-dynload/math.cpython-38-x86_64-linux-gnu.so first seen with mtime 1601438438.0
File /usr/lib/python3.8/lib-dynload/_bisect.cpython-38-x86_64-linux-gnu.so first seen with mtime 1601438438.0
File /home/bhagyarsh/Desktop/Gmap/lib/python3.8/site-packages/django/contrib/sessions/models.py first seen with mtime 1609636416.0269408
File /home/bhagyarsh/Desktop/Gmap/lib/python3.8/site-packages/django/core/cache/__init__.py first seen with mtime 1609636416.0669405
File /home/bhagyarsh/Desktop/Gmap/lib/python3.8/site-packages/django/db/models/constants.py first seen with mtime 1609636416.0869405
File /usr/lib/python3.8/asyncio/sslproto.py first seen with mtime 1601438438.0
File /usr/lib/python3.8/gettext.py first seen with mtime 1601438438.0
File /home/bhagyarsh/Desktop/Gmap/lib/python3.8/site-packages/django/db/models/sql/__init__.py first seen with mtime 1609636416.0902739
File /home/bhagyarsh/Desktop/Gmap/lib/python3.8/site-packages/django/utils/timezone.py first seen with mtime 1609636416.1102736
File /home/bhagyarsh/Desktop/Gmap/lib/python3.8/site-packages/django/contrib/sessions/__init__.py first seen with mtime 1609636416.0269408
File /home/bhagyarsh/Desktop/Gmap/lib/python3.8/site-packages/jwt/api_jws.py first seen with mtime 1609640281.0239897
File /usr/lib/python3.8/pickle.py first seen with mtime 1601438438.0
File /usr/lib/python3.8/xml/dom/NodeFilter.py first seen with mtime 1601438438.0
File /home/bhagyarsh/Desktop/Gmap/lib/python3.8/site-packages/corsheaders/__init__.py first seen with mtime 1609640244.486502
File /home/bhagyarsh/Desktop/Gmap/lib/python3.8/site-packages/sqlparse/filters/right_margin.py first seen with mtime 1609636415.6636097
File /usr/lib/python3.8/re.py first seen with mtime 1601438438.0
File /home/bhagyarsh/Desktop/Gmap/lib/python3.8/site-packages/jwt/exceptions.py first seen with mtime 1609640281.0239897
File /home/bhagyarsh/Desktop/Gmap/lib/python3.8/site-packages/rest_framework/renderers.py first seen with mtime 1609640261.7467728
File /usr/lib/python3.8/typing.py first seen with mtime 1601438438.0
File /home/bhagyarsh/Desktop/Gmap/lib/python3.8/site-packages/django/contrib/auth/hashers.py first seen with mtime 1609636415.880275
File /home/bhagyarsh/Desktop/Gmap/lib/python3.8/site-packages/django/db/migrations/operations/utils.py first seen with mtime 1609636416.0869405
File /usr/lib/python3.8/os.py first seen with mtime 1601438438.0
File /home/bhagyarsh/Desktop/Gmap/lib/python3.8/site-packages/django/views/debug.py first seen with mtime 1609636416.1102736
File /home/bhagyarsh/Desktop/Gmap/lib/python3.8/site-packages/django/utils/autoreload.py first seen with mtime 1609636416.1069403
File /usr/lib/python3.8/numbers.py first seen with mtime 1601438438.0
File /home/bhagyarsh/Desktop/Gmap/src/accounts/urls.py first seen with mtime 1609640161.576682
File /home/bhagyarsh/Desktop/Gmap/lib/python3.8/site-packages/rest_framework/schemas/utils.py first seen with mtime 1609640261.76344
File /home/bhagyarsh/Desktop/Gmap/lib/python3.8/site-packages/django/db/backends/sqlite3/schema.py first seen with mtime 1609636416.0836072
File /usr/lib/python3.8/ssl.py first seen with mtime 1601438438.0
File /home/bhagyarsh/Desktop/Gmap/lib/python3.8/site-packages/rest_framework/mixins.py first seen with mtime 1609640261.7467728
File /home/bhagyarsh/Desktop/Gmap/lib/python3.8/site-packages/django/test/signals.py first seen with mtime 1609636416.103607
File /usr/lib/python3.8/enum.py first seen with mtime 1601438438.0
File /usr/lib/python3.8/lzma.py first seen with mtime 1601438438.0
File /home/bhagyarsh/Desktop/Gmap/lib/python3.8/site-packages/django/utils/dateparse.py first seen with mtime 1609636416.1069403
File /usr/lib/python3.8/email/iterators.py first seen with mtime 1601438438.0
File /home/bhagyarsh/Desktop/Gmap/lib/python3.8/site-packages/django/templatetags/i18n.py first seen with mtime 1609636416.103607
File /home/bhagyarsh/Desktop/Gmap/lib/python3.8/site-packages/django/db/backends/sqlite3/__init__.py first seen with mtime 1609636416.0836072
File /home/bhagyarsh/Desktop/Gmap/lib/python3.8/site-packages/sqlparse/cli.py first seen with mtime 1609636415.6602764
File /usr/lib/python3.8/lib-dynload/_sha3.cpython-38-x86_64-linux-gnu.so first seen with mtime 1601438438.0
File /usr/lib/python3.8/logging/__init__.py first seen with mtime 1601438438.0
File /home/bhagyarsh/Desktop/Gmap/lib/python3.8/site-packages/django/core/files/storage.py first seen with mtime 1609636416.0702739
File /home/bhagyarsh/Desktop/Gmap/lib/python3.8/site-packages/django/http/response.py first seen with mtime 1609636416.1002736
File /usr/lib/python3.8/email/mime/__init__.py first seen with mtime 1601438438.0
File /usr/lib/python3.8/lib-dynload/_opcode.cpython-38-x86_64-linux-gnu.so first seen with mtime 1601438438.0
File /home/bhagyarsh/Desktop/Gmap/lib/python3.8/site-packages/django/utils/deprecation.py first seen with mtime 1609636416.1069403
File /home/bhagyarsh/Desktop/Gmap/lib/python3.8/site-packages/rest_framework/locale/sk/LC_MESSAGES/django.mo first seen with mtime 1609640261.7601063
File /home/bhagyarsh/Desktop/Gmap/lib/python3.8/site-packages/rest_framework/locale/fr/LC_MESSAGES/django.mo first seen with mtime 1609640261.7534394
File /home/bhagyarsh/Desktop/Gmap/lib/python3.8/site-packages/rest_framework/locale/et/LC_MESSAGES/django.mo first seen with mtime 1609640261.7534394
File /home/bhagyarsh/Desktop/Gmap/lib/python3.8/site-packages/rest_framework/locale/he_IL/LC_MESSAGES/django.mo first seen with mtime 1609640261.756773
File /home/bhagyarsh/Desktop/Gmap/lib/python3.8/site-packages/rest_framework/locale/no/LC_MESSAGES/django.mo first seen with mtime 1609640261.756773
File /home/bhagyarsh/Desktop/Gmap/lib/python3.8/site-packages/rest_framework/locale/pt/LC_MESSAGES/django.mo first seen with mtime 1609640261.756773
File /home/bhagyarsh/Desktop/Gmap/lib/python3.8/site-packages/rest_framework/locale/be/LC_MESSAGES/django.mo first seen with mtime 1609640261.7534394
File /home/bhagyarsh/Desktop/Gmap/lib/python3.8/site-packages/rest_framework/locale/fr_CA/LC_MESSAGES/django.mo first seen with mtime 1609640261.7534394
File /home/bhagyarsh/Desktop/Gmap/lib/python3.8/site-packages/rest_framework/locale/de/LC_MESSAGES/django.mo first seen with mtime 1609640261.7534394
File /home/bhagyarsh/Desktop/Gmap/lib/python3.8/site-packages/rest_framework/locale/en/LC_MESSAGES/django.mo first seen with mtime 1609640261.7534394
File /home/bhagyarsh/Desktop/Gmap/lib/python3.8/site-packages/rest_framework/locale/mk/LC_MESSAGES/django.mo first seen with mtime 1609640261.756773
File /home/bhagyarsh/Desktop/Gmap/lib/python3.8/site-packages/rest_framework/locale/sv/LC_MESSAGES/django.mo first seen with mtime 1609640261.7601063
File /home/bhagyarsh/Desktop/Gmap/lib/python3.8/site-packages/rest_framework/locale/pl/LC_MESSAGES/django.mo first seen with mtime 1609640261.756773
File /home/bhagyarsh/Desktop/Gmap/lib/python3.8/site-packages/rest_framework/locale/ru_RU/LC_MESSAGES/django.mo first seen with mtime 1609640261.7601063
File /home/bhagyarsh/Desktop/Gmap/lib/python3.8/site-packages/rest_framework/locale/nb/LC_MESSAGES/django.mo first seen with mtime 1609640261.756773
File /home/bhagyarsh/Desktop/Gmap/lib/python3.8/site-packages/rest_framework/locale/ko_KR/LC_MESSAGES/django.mo first seen with mtime 1609640261.756773
File /home/bhagyarsh/Desktop/Gmap/lib/python3.8/site-packages/rest_framework/locale/zh_Hans/LC_MESSAGES/django.mo first seen with mtime 1609640261.7601063
File /home/bhagyarsh/Desktop/Gmap/lib/python3.8/site-packages/rest_framework/locale/da/LC_MESSAGES/django.mo first seen with mtime 1609640261.7534394
File /home/bhagyarsh/Desktop/Gmap/lib/python3.8/site-packages/rest_framework/locale/fi/LC_MESSAGES/django.mo first seen with mtime 1609640261.7534394
File /home/bhagyarsh/Desktop/Gmap/lib/python3.8/site-packages/rest_framework/locale/es/LC_MESSAGES/django.mo first seen with mtime 1609640261.7534394
File /home/bhagyarsh/Desktop/Gmap/lib/python3.8/site-packages/rest_framework/locale/fa_IR/LC_MESSAGES/django.mo first seen with mtime 1609640261.7534394
File /home/bhagyarsh/Desktop/Gmap/lib/python3.8/site-packages/rest_framework/locale/vi/LC_MESSAGES/django.mo first seen with mtime 1609640261.7601063
File /home/bhagyarsh/Desktop/Gmap/lib/python3.8/site-packages/rest_framework/locale/pt_PT/LC_MESSAGES/django.mo first seen with mtime 1609640261.756773
File /home/bhagyarsh/Desktop/Gmap/lib/python3.8/site-packages/rest_framework/locale/lt/LC_MESSAGES/django.mo first seen with mtime 1609640261.756773
File /home/bhagyarsh/Desktop/Gmap/lib/python3.8/site-packages/rest_framework/locale/el/LC_MESSAGES/django.mo first seen with mtime 1609640261.7534394
File /home/bhagyarsh/Desktop/Gmap/lib/python3.8/site-packages/rest_framework/locale/ach/LC_MESSAGES/django.mo first seen with mtime 1609640261.750106
File /home/bhagyarsh/Desktop/Gmap/lib/python3.8/site-packages/rest_framework/locale/uk/LC_MESSAGES/django.mo first seen with mtime 1609640261.7601063
File /home/bhagyarsh/Desktop/Gmap/lib/python3.8/site-packages/rest_framework/locale/nl/LC_MESSAGES/django.mo first seen with mtime 1609640261.756773
File /home/bhagyarsh/Desktop/Gmap/lib/python3.8/site-packages/rest_framework/locale/id/LC_MESSAGES/django.mo first seen with mtime 1609640261.756773
File /home/bhagyarsh/Desktop/Gmap/lib/python3.8/site-packages/rest_framework/locale/gl/LC_MESSAGES/django.mo first seen with mtime 1609640261.756773
File /home/bhagyarsh/Desktop/Gmap/lib/python3.8/site-packages/rest_framework/locale/hy/LC_MESSAGES/django.mo first seen with mtime 1609640261.756773
File /home/bhagyarsh/Desktop/Gmap/lib/python3.8/site-packages/rest_framework/locale/en_AU/LC_MESSAGES/django.mo first seen with mtime 1609640261.7534394
File /home/bhagyarsh/Desktop/Gmap/lib/python3.8/site-packages/rest_framework/locale/fa/LC_MESSAGES/django.mo first seen with mtime 1609640261.7534394
File /home/bhagyarsh/Desktop/Gmap/lib/python3.8/site-packages/rest_framework/locale/tr_TR/LC_MESSAGES/django.mo first seen with mtime 1609640261.7601063
File /home/bhagyarsh/Desktop/Gmap/lib/python3.8/site-packages/rest_framework/locale/nn/LC_MESSAGES/django.mo first seen with mtime 1609640261.756773
File /home/bhagyarsh/Desktop/Gmap/lib/python3.8/site-packages/rest_framework/locale/zh_Hant/LC_MESSAGES/django.mo first seen with mtime 1609640261.7601063
File /home/bhagyarsh/Desktop/Gmap/lib/python3.8/site-packages/rest_framework/locale/ca/LC_MESSAGES/django.mo first seen with mtime 1609640261.7534394
File /home/bhagyarsh/Desktop/Gmap/lib/python3.8/site-packages/rest_framework/locale/en_CA/LC_MESSAGES/django.mo first seen with mtime 1609640261.7534394
File /home/bhagyarsh/Desktop/Gmap/lib/python3.8/site-packages/rest_framework/locale/ro/LC_MESSAGES/django.mo first seen with mtime 1609640261.756773
File /home/bhagyarsh/Desktop/Gmap/lib/python3.8/site-packages/rest_framework/locale/ne_NP/LC_MESSAGES/django.mo first seen with mtime 1609640261.756773
File /home/bhagyarsh/Desktop/Gmap/lib/python3.8/site-packages/rest_framework/locale/sl/LC_MESSAGES/django.mo first seen with mtime 1609640261.7601063
File /home/bhagyarsh/Desktop/Gmap/lib/python3.8/site-packages/rest_framework/locale/ar/LC_MESSAGES/django.mo first seen with mtime 1609640261.7534394
File /home/bhagyarsh/Desktop/Gmap/lib/python3.8/site-packages/rest_framework/locale/az/LC_MESSAGES/django.mo first seen with mtime 1609640261.7534394
File /home/bhagyarsh/Desktop/Gmap/lib/python3.8/site-packages/rest_framework/locale/ru/LC_MESSAGES/django.mo first seen with mtime 1609640261.7601063
File /home/bhagyarsh/Desktop/Gmap/lib/python3.8/site-packages/rest_framework/locale/it/LC_MESSAGES/django.mo first seen with mtime 1609640261.756773
File /home/bhagyarsh/Desktop/Gmap/lib/python3.8/site-packages/rest_framework/locale/ja/LC_MESSAGES/django.mo first seen with mtime 1609640261.756773
File /home/bhagyarsh/Desktop/Gmap/lib/python3.8/site-packages/rest_framework/locale/el_GR/LC_MESSAGES/django.mo first seen with mtime 1609640261.7534394
File /home/bhagyarsh/Desktop/Gmap/lib/python3.8/site-packages/rest_framework/locale/zh_CN/LC_MESSAGES/django.mo first seen with mtime 1609640261.7601063
File /home/bhagyarsh/Desktop/Gmap/lib/python3.8/site-packages/rest_framework/locale/hu/LC_MESSAGES/django.mo first seen with mtime 1609640261.756773
File /home/bhagyarsh/Desktop/Gmap/lib/python3.8/site-packages/rest_framework/locale/bg/LC_MESSAGES/django.mo first seen with mtime 1609640261.7534394
File /home/bhagyarsh/Desktop/Gmap/lib/python3.8/site-packages/rest_framework/locale/pt_BR/LC_MESSAGES/django.mo first seen with mtime 1609640261.756773
File /home/bhagyarsh/Desktop/Gmap/lib/python3.8/site-packages/rest_framework/locale/th/LC_MESSAGES/django.mo first seen with mtime 1609640261.7601063
File /home/bhagyarsh/Desktop/Gmap/lib/python3.8/site-packages/rest_framework/locale/cs/LC_MESSAGES/django.mo first seen with mtime 1609640261.7534394
File /home/bhagyarsh/Desktop/Gmap/lib/python3.8/site-packages/rest_framework/locale/ca_ES/LC_MESSAGES/django.mo first seen with mtime 1609640261.7534394
File /home/bhagyarsh/Desktop/Gmap/lib/python3.8/site-packages/rest_framework/locale/gl_ES/LC_MESSAGES/django.mo first seen with mtime 1609640261.756773
File /home/bhagyarsh/Desktop/Gmap/lib/python3.8/site-packages/rest_framework/locale/lv/LC_MESSAGES/django.mo first seen with mtime 1609640261.756773
File /home/bhagyarsh/Desktop/Gmap/lib/python3.8/site-packages/rest_framework/locale/tr/LC_MESSAGES/django.mo first seen with mtime 1609640261.7601063
File /home/bhagyarsh/Desktop/Gmap/lib/python3.8/site-packages/rest_framework/locale/en_US/LC_MESSAGES/django.mo first seen with mtime 1609640261.7534394
File /home/bhagyarsh/Desktop/Gmap/lib/python3.8/site-packages/rest_framework/locale/zh_TW/LC_MESSAGES/django.mo first seen with mtime 1609640261.7601063
File /home/bhagyarsh/Desktop/Gmap/lib/python3.8/site-packages/django/contrib/admin/migrations/__init__.py first seen with mtime 1609636415.836942
File /home/bhagyarsh/Desktop/Gmap/lib/python3.8/site-packages/django/core/cache/utils.py first seen with mtime 1609636416.0669405
File /home/bhagyarsh/Desktop/Gmap/lib/python3.8/site-packages/whitenoise/media_types.py first seen with mtime 1610187284.2888339
File /home/bhagyarsh/Desktop/Gmap/lib/python3.8/site-packages/django/db/models/sql/compiler.py first seen with mtime 1609636416.0902739
File /home/bhagyarsh/Desktop/Gmap/lib/python3.8/site-packages/django/contrib/auth/migrations/0011_update_proxy_permissions.py first seen with mtime 1609636415.9069417
File /home/bhagyarsh/Desktop/Gmap/src/gmap/wsgi.py first seen with mtime 1610187540.5457428
File /home/bhagyarsh/Desktop/Gmap/lib/python3.8/site-packages/django/contrib/auth/migrations/0002_alter_permission_name_max_length.py first seen with mtime 1609636415.9069417
File /home/bhagyarsh/Desktop/Gmap/lib/python3.8/site-packages/django/contrib/sessions/exceptions.py first seen with mtime 1609636416.0269408
File /home/bhagyarsh/Desktop/Gmap/lib/python3.8/site-packages/django/db/migrations/graph.py first seen with mtime 1609636416.0836072
File /home/bhagyarsh/Desktop/Gmap/lib/python3.8/site-packages/whitenoise/string_utils.py first seen with mtime 1610187284.2888339
File /home/bhagyarsh/Desktop/Gmap/lib/python3.8/site-packages/django/contrib/sessions/backends/db.py first seen with mtime 1609636416.0302742
File /home/bhagyarsh/Desktop/Gmap/lib/python3.8/site-packages/django/contrib/admin/templatetags/base.py first seen with mtime 1609636415.856942
File /usr/lib/python3.8/stringprep.py first seen with mtime 1601438438.0
File /home/bhagyarsh/Desktop/Gmap/lib/python3.8/site-packages/django/contrib/admin/migrations/0003_logentry_add_action_flag_choices.py first seen with mtime 1609636415.836942
File /home/bhagyarsh/Desktop/Gmap/lib/python3.8/site-packages/django/middleware/common.py first seen with mtime 1609636416.1002736
File /home/bhagyarsh/Desktop/Gmap/lib/python3.8/site-packages/django/contrib/admin/views/main.py first seen with mtime 1609636415.856942
File /home/bhagyarsh/Desktop/Gmap/lib/python3.8/site-packages/django/middleware/clickjacking.py first seen with mtime 1609636416.1002736
File /home/bhagyarsh/Desktop/Gmap/lib/python3.8/site-packages/django/db/migrations/executor.py first seen with mtime 1609636416.0836072
File /usr/lib/python3.8/encodings/idna.py first seen with mtime 1601438438.0
File /home/bhagyarsh/Desktop/Gmap/lib/python3.8/site-packages/django/contrib/admin/migrations/0002_logentry_remove_auto_add.py first seen with mtime 1609636415.836942
File /home/bhagyarsh/Desktop/Gmap/lib/python3.8/site-packages/django/contrib/staticfiles/storage.py first seen with mtime 1609636416.0669405
File /home/bhagyarsh/Desktop/Gmap/lib/python3.8/site-packages/rest_framework/templatetags/rest_framework.py first seen with mtime 1609640261.780107
File /home/bhagyarsh/Desktop/Gmap/lib/python3.8/site-packages/django/contrib/contenttypes/migrations/0001_initial.py first seen with mtime 1609636415.923608
File /home/bhagyarsh/Desktop/Gmap/lib/python3.8/site-packages/django/contrib/auth/migrations/0009_alter_user_last_name_max_length.py first seen with mtime 1609636415.9069417
File /home/bhagyarsh/Desktop/Gmap/lib/python3.8/site-packages/django/contrib/auth/migrations/0010_alter_group_name_max_length.py first seen with mtime 1609636415.9069417
File /home/bhagyarsh/Desktop/Gmap/lib/python3.8/site-packages/django/contrib/admin/templatetags/admin_modify.py first seen with mtime 1609636415.856942
File /home/bhagyarsh/Desktop/Gmap/lib/python3.8/site-packages/django/contrib/sessions/backends/base.py first seen with mtime 1609636416.0302742
File /home/bhagyarsh/Desktop/Gmap/lib/python3.8/site-packages/django/contrib/contenttypes/migrations/__init__.py first seen with mtime 1609636415.923608
File /home/bhagyarsh/Desktop/Gmap/lib/python3.8/site-packages/django/contrib/auth/migrations/0007_alter_validators_add_error_messages.py first seen with mtime 1609636415.9069417
File /home/bhagyarsh/Desktop/Gmap/lib/python3.8/site-packages/whitenoise/base.py first seen with mtime 1610187284.2888339
File /home/bhagyarsh/Desktop/Gmap/lib/python3.8/site-packages/django/db/migrations/recorder.py first seen with mtime 1609636416.0836072
File /home/bhagyarsh/Desktop/Gmap/lib/python3.8/site-packages/django/contrib/admin/templatetags/admin_list.py first seen with mtime 1609636415.856942
File /home/bhagyarsh/Desktop/Gmap/lib/python3.8/site-packages/django/contrib/admin/templatetags/log.py first seen with mtime 1609636415.856942
File /home/bhagyarsh/Desktop/Gmap/lib/python3.8/site-packages/django/views/defaults.py first seen with mtime 1609636416.1102736
File /home/bhagyarsh/Desktop/Gmap/lib/python3.8/site-packages/django/contrib/auth/middleware.py first seen with mtime 1609636415.880275
File /home/bhagyarsh/Desktop/Gmap/lib/python3.8/site-packages/django/contrib/auth/migrations/0005_alter_user_last_login_null.py first seen with mtime 1609636415.9069417
File /home/bhagyarsh/Desktop/Gmap/lib/python3.8/site-packages/django/contrib/messages/middleware.py first seen with mtime 1609636415.9936078
File /home/bhagyarsh/Desktop/Gmap/lib/python3.8/site-packages/corsheaders/signals.py first seen with mtime 1609640244.486502
File /home/bhagyarsh/Desktop/Gmap/lib/python3.8/site-packages/django/contrib/sessions/backends/__init__.py first seen with mtime 1609636416.0269408
File /home/bhagyarsh/Desktop/Gmap/lib/python3.8/site-packages/whitenoise/__init__.py first seen with mtime 1610187284.2888339
File /home/bhagyarsh/Desktop/Gmap/src/accounts/migrations/__init__.py first seen with mtime 1609636928.014485
File /home/bhagyarsh/Desktop/Gmap/lib/python3.8/site-packages/whitenoise/middleware.py first seen with mtime 1610187284.2888339
File /home/bhagyarsh/Desktop/Gmap/lib/python3.8/site-packages/django/contrib/auth/migrations/0003_alter_user_email_max_length.py first seen with mtime 1609636415.9069417
File /home/bhagyarsh/Desktop/Gmap/lib/python3.8/site-packages/django/contrib/contenttypes/migrations/0002_remove_content_type_name.py first seen with mtime 1609636415.923608
File /home/bhagyarsh/Desktop/Gmap/lib/python3.8/site-packages/django/contrib/auth/migrations/0008_alter_user_username_max_length.py first seen with mtime 1609636415.9069417
File /home/bhagyarsh/Desktop/Gmap/lib/python3.8/site-packages/corsheaders/middleware.py first seen with mtime 1609640244.486502
File /home/bhagyarsh/Desktop/Gmap/lib/python3.8/site-packages/django/templatetags/tz.py first seen with mtime 1609636416.103607
File /home/bhagyarsh/Desktop/Gmap/lib/python3.8/site-packages/django/contrib/auth/backends.py first seen with mtime 1609636415.880275
File /home/bhagyarsh/Desktop/Gmap/lib/python3.8/site-packages/django/contrib/auth/migrations/0004_alter_user_username_opts.py first seen with mtime 1609636415.9069417
File /home/bhagyarsh/Desktop/Gmap/lib/python3.8/site-packages/whitenoise/responders.py first seen with mtime 1610187284.2888339
File /home/bhagyarsh/Desktop/Gmap/lib/python3.8/site-packages/rest_framework/templatetags/__init__.py first seen with mtime 1609640261.780107
File /home/bhagyarsh/Desktop/Gmap/lib/python3.8/site-packages/django/middleware/security.py first seen with mtime 1609636416.1002736
File /home/bhagyarsh/Desktop/Gmap/lib/python3.8/site-packages/django/contrib/sessions/migrations/0001_initial.py first seen with mtime 1609636416.0469408
File /home/bhagyarsh/Desktop/Gmap/lib/python3.8/site-packages/django/contrib/auth/migrations/0012_alter_user_first_name_max_length.py first seen with mtime 1609636415.9069417
File /home/bhagyarsh/Desktop/Gmap/lib/python3.8/site-packages/django/contrib/sessions/migrations/__init__.py first seen with mtime 1609636416.0469408
File /home/bhagyarsh/Desktop/Gmap/lib/python3.8/site-packages/django/templatetags/l10n.py first seen with mtime 1609636416.103607
File /home/bhagyarsh/Desktop/Gmap/lib/python3.8/site-packages/django/templatetags/cache.py first seen with mtime 1609636416.103607
File /home/bhagyarsh/Desktop/Gmap/lib/python3.8/site-packages/django/contrib/auth/migrations/0006_require_contenttypes_0002.py first seen with mtime 1609636415.9069417
File /home/bhagyarsh/Desktop/Gmap/src/accounts/migrations/0001_initial.py first seen with mtime 1609640758.7563872
File /home/bhagyarsh/Desktop/Gmap/lib/python3.8/site-packages/django/db/migrations/loader.py first seen with mtime 1609636416.0836072
File /home/bhagyarsh/Desktop/Gmap/lib/python3.8/site-packages/django/contrib/auth/migrations/0001_initial.py first seen with mtime 1609636415.9069417
File /home/bhagyarsh/Desktop/Gmap/lib/python3.8/site-packages/django/contrib/auth/migrations/__init__.py first seen with mtime 1609636415.9069417
File /home/bhagyarsh/Desktop/Gmap/lib/python3.8/site-packages/django/contrib/admin/migrations/0001_initial.py first seen with mtime 1609636415.836942
File /home/bhagyarsh/Desktop/Gmap/lib/python3.8/site-packages/django/contrib/sessions/middleware.py first seen with mtime 1609636416.0269408
Exception while resolving variable 'hide_label' in template 'rest_framework/horizontal/input.html'.
Traceback (most recent call last):
  File "/home/bhagyarsh/Desktop/Gmap/lib/python3.8/site-packages/django/template/base.py", line 829, in _resolve_lookup
    current = current[bit]
KeyError: 'hide_label'

During handling of the above exception, another exception occurred:

Traceback (most recent call last):
  File "/home/bhagyarsh/Desktop/Gmap/lib/python3.8/site-packages/django/template/base.py", line 837, in _resolve_lookup
    current = getattr(current, bit)
AttributeError: 'dict' object has no attribute 'hide_label'

During handling of the above exception, another exception occurred:

Traceback (most recent call last):
  File "/home/bhagyarsh/Desktop/Gmap/lib/python3.8/site-packages/django/template/base.py", line 843, in _resolve_lookup
    current = current[int(bit)]
ValueError: invalid literal for int() with base 10: 'hide_label'

During handling of the above exception, another exception occurred:

Traceback (most recent call last):
  File "/home/bhagyarsh/Desktop/Gmap/lib/python3.8/site-packages/django/template/base.py", line 848, in _resolve_lookup
    raise VariableDoesNotExist("Failed lookup for key "
django.template.base.VariableDoesNotExist: Failed lookup for key [hide_label] in {'base_template': 'input.html', 'input_type': 'text', 'template_pack': 'rest_framework/horizontal', 'renderer': <rest_framework.renderers.HTMLFormRenderer object at 0x7fdb495d7be0>}
Exception while resolving variable 'placeholder' in template 'rest_framework/horizontal/input.html'.
Traceback (most recent call last):
  File "/home/bhagyarsh/Desktop/Gmap/lib/python3.8/site-packages/django/template/base.py", line 829, in _resolve_lookup
    current = current[bit]
KeyError: 'placeholder'

During handling of the above exception, another exception occurred:

Traceback (most recent call last):
  File "/home/bhagyarsh/Desktop/Gmap/lib/python3.8/site-packages/django/template/base.py", line 837, in _resolve_lookup
    current = getattr(current, bit)
AttributeError: 'dict' object has no attribute 'placeholder'

During handling of the above exception, another exception occurred:

Traceback (most recent call last):
  File "/home/bhagyarsh/Desktop/Gmap/lib/python3.8/site-packages/django/template/base.py", line 843, in _resolve_lookup
    current = current[int(bit)]
ValueError: invalid literal for int() with base 10: 'placeholder'

During handling of the above exception, another exception occurred:

Traceback (most recent call last):
  File "/home/bhagyarsh/Desktop/Gmap/lib/python3.8/site-packages/django/template/base.py", line 848, in _resolve_lookup
    raise VariableDoesNotExist("Failed lookup for key "
django.template.base.VariableDoesNotExist: Failed lookup for key [placeholder] in {'base_template': 'input.html', 'input_type': 'text', 'template_pack': 'rest_framework/horizontal', 'renderer': <rest_framework.renderers.HTMLFormRenderer object at 0x7fdb495d7be0>}
Exception while resolving variable 'autofocus' in template 'rest_framework/horizontal/input.html'.
Traceback (most recent call last):
  File "/home/bhagyarsh/Desktop/Gmap/lib/python3.8/site-packages/django/template/base.py", line 829, in _resolve_lookup
    current = current[bit]
KeyError: 'autofocus'

During handling of the above exception, another exception occurred:

Traceback (most recent call last):
  File "/home/bhagyarsh/Desktop/Gmap/lib/python3.8/site-packages/django/template/base.py", line 837, in _resolve_lookup
    current = getattr(current, bit)
AttributeError: 'dict' object has no attribute 'autofocus'

During handling of the above exception, another exception occurred:

Traceback (most recent call last):
  File "/home/bhagyarsh/Desktop/Gmap/lib/python3.8/site-packages/django/template/base.py", line 843, in _resolve_lookup
    current = current[int(bit)]
ValueError: invalid literal for int() with base 10: 'autofocus'

During handling of the above exception, another exception occurred:

Traceback (most recent call last):
  File "/home/bhagyarsh/Desktop/Gmap/lib/python3.8/site-packages/django/template/base.py", line 848, in _resolve_lookup
    raise VariableDoesNotExist("Failed lookup for key "
django.template.base.VariableDoesNotExist: Failed lookup for key [autofocus] in {'base_template': 'input.html', 'input_type': 'text', 'template_pack': 'rest_framework/horizontal', 'renderer': <rest_framework.renderers.HTMLFormRenderer object at 0x7fdb495d7be0>}
Exception while resolving variable 'hide_label' in template 'rest_framework/horizontal/input.html'.
Traceback (most recent call last):
  File "/home/bhagyarsh/Desktop/Gmap/lib/python3.8/site-packages/django/template/base.py", line 829, in _resolve_lookup
    current = current[bit]
KeyError: 'hide_label'

During handling of the above exception, another exception occurred:

Traceback (most recent call last):
  File "/home/bhagyarsh/Desktop/Gmap/lib/python3.8/site-packages/django/template/base.py", line 837, in _resolve_lookup
    current = getattr(current, bit)
AttributeError: 'dict' object has no attribute 'hide_label'

During handling of the above exception, another exception occurred:

Traceback (most recent call last):
  File "/home/bhagyarsh/Desktop/Gmap/lib/python3.8/site-packages/django/template/base.py", line 843, in _resolve_lookup
    current = current[int(bit)]
ValueError: invalid literal for int() with base 10: 'hide_label'

During handling of the above exception, another exception occurred:

Traceback (most recent call last):
  File "/home/bhagyarsh/Desktop/Gmap/lib/python3.8/site-packages/django/template/base.py", line 848, in _resolve_lookup
    raise VariableDoesNotExist("Failed lookup for key "
django.template.base.VariableDoesNotExist: Failed lookup for key [hide_label] in {'base_template': 'input.html', 'input_type': 'password', 'template_pack': 'rest_framework/horizontal', 'renderer': <rest_framework.renderers.HTMLFormRenderer object at 0x7fdb495d7be0>}
Exception while resolving variable 'placeholder' in template 'rest_framework/horizontal/input.html'.
Traceback (most recent call last):
  File "/home/bhagyarsh/Desktop/Gmap/lib/python3.8/site-packages/django/template/base.py", line 829, in _resolve_lookup
    current = current[bit]
KeyError: 'placeholder'

During handling of the above exception, another exception occurred:

Traceback (most recent call last):
  File "/home/bhagyarsh/Desktop/Gmap/lib/python3.8/site-packages/django/template/base.py", line 837, in _resolve_lookup
    current = getattr(current, bit)
AttributeError: 'dict' object has no attribute 'placeholder'

During handling of the above exception, another exception occurred:

Traceback (most recent call last):
  File "/home/bhagyarsh/Desktop/Gmap/lib/python3.8/site-packages/django/template/base.py", line 843, in _resolve_lookup
    current = current[int(bit)]
ValueError: invalid literal for int() with base 10: 'placeholder'

During handling of the above exception, another exception occurred:

Traceback (most recent call last):
  File "/home/bhagyarsh/Desktop/Gmap/lib/python3.8/site-packages/django/template/base.py", line 848, in _resolve_lookup
    raise VariableDoesNotExist("Failed lookup for key "
django.template.base.VariableDoesNotExist: Failed lookup for key [placeholder] in {'base_template': 'input.html', 'input_type': 'password', 'template_pack': 'rest_framework/horizontal', 'renderer': <rest_framework.renderers.HTMLFormRenderer object at 0x7fdb495d7be0>}
Exception while resolving variable 'autofocus' in template 'rest_framework/horizontal/input.html'.
Traceback (most recent call last):
  File "/home/bhagyarsh/Desktop/Gmap/lib/python3.8/site-packages/django/template/base.py", line 829, in _resolve_lookup
    current = current[bit]
KeyError: 'autofocus'

During handling of the above exception, another exception occurred:

Traceback (most recent call last):
  File "/home/bhagyarsh/Desktop/Gmap/lib/python3.8/site-packages/django/template/base.py", line 837, in _resolve_lookup
    current = getattr(current, bit)
AttributeError: 'dict' object has no attribute 'autofocus'

During handling of the above exception, another exception occurred:

Traceback (most recent call last):
  File "/home/bhagyarsh/Desktop/Gmap/lib/python3.8/site-packages/django/template/base.py", line 843, in _resolve_lookup
    current = current[int(bit)]
ValueError: invalid literal for int() with base 10: 'autofocus'

During handling of the above exception, another exception occurred:

Traceback (most recent call last):
  File "/home/bhagyarsh/Desktop/Gmap/lib/python3.8/site-packages/django/template/base.py", line 848, in _resolve_lookup
    raise VariableDoesNotExist("Failed lookup for key "
django.template.base.VariableDoesNotExist: Failed lookup for key [autofocus] in {'base_template': 'input.html', 'input_type': 'password', 'template_pack': 'rest_framework/horizontal', 'renderer': <rest_framework.renderers.HTMLFormRenderer object at 0x7fdb495d7be0>}
Method Not Allowed: /api/user
"GET /api/user HTTP/1.1" 405 7668
"GET /static/rest_framework/css/bootstrap-tweaks.css HTTP/1.1" 304 0
"GET /static/rest_framework/css/bootstrap.min.css HTTP/1.1" 200 121457
"GET /static/rest_framework/js/jquery-3.5.1.min.js HTTP/1.1" 200 89476
"GET /static/rest_framework/css/prettify.css HTTP/1.1" 304 0
"GET /static/rest_framework/js/ajax-form.js HTTP/1.1" 304 0
"GET /static/rest_framework/js/csrf.js HTTP/1.1" 304 0
"GET /static/rest_framework/js/default.js HTTP/1.1" 304 0
"GET /static/rest_framework/js/prettify-min.js HTTP/1.1" 304 0
"GET /static/rest_framework/css/default.css HTTP/1.1" 304 0
"GET /static/rest_framework/js/bootstrap.min.js HTTP/1.1" 200 39680
"GET /static/rest_framework/img/grid.png HTTP/1.1" 304 0
"GET /static/rest_framework/css/bootstrap.min.css.map HTTP/1.1" 404 1746
Exception while resolving variable 'name' in template 'unknown'.
Traceback (most recent call last):
  File "/home/bhagyarsh/Desktop/Gmap/lib/python3.8/site-packages/django/core/handlers/exception.py", line 47, in inner
    response = get_response(request)
  File "/home/bhagyarsh/Desktop/Gmap/lib/python3.8/site-packages/django/core/handlers/base.py", line 165, in _get_response
    callback, callback_args, callback_kwargs = self.resolve_request(request)
  File "/home/bhagyarsh/Desktop/Gmap/lib/python3.8/site-packages/django/core/handlers/base.py", line 288, in resolve_request
    resolver_match = resolver.resolve(request.path_info)
  File "/home/bhagyarsh/Desktop/Gmap/lib/python3.8/site-packages/django/urls/resolvers.py", line 576, in resolve
    raise Resolver404({'tried': tried, 'path': new_path})
django.urls.exceptions.Resolver404: {'tried': [[<URLResolver <URLPattern list> (admin:admin) 'admin/'>], [<URLResolver <module 'accounts.urls' from '/home/bhagyarsh/Desktop/Gmap/src/accounts/urls.py'> (None:None) ''>, <URLResolver <module 'accounts.api.urls' from '/home/bhagyarsh/Desktop/Gmap/src/accounts/api/urls.py'> (None:None) 'api/'>]], 'path': 'favicon.ico'}

During handling of the above exception, another exception occurred:

Traceback (most recent call last):
  File "/home/bhagyarsh/Desktop/Gmap/lib/python3.8/site-packages/django/template/base.py", line 829, in _resolve_lookup
    current = current[bit]
TypeError: 'URLResolver' object is not subscriptable

During handling of the above exception, another exception occurred:

Traceback (most recent call last):
  File "/home/bhagyarsh/Desktop/Gmap/lib/python3.8/site-packages/django/template/base.py", line 837, in _resolve_lookup
    current = getattr(current, bit)
AttributeError: 'URLResolver' object has no attribute 'name'

During handling of the above exception, another exception occurred:

Traceback (most recent call last):
  File "/home/bhagyarsh/Desktop/Gmap/lib/python3.8/site-packages/django/template/base.py", line 843, in _resolve_lookup
    current = current[int(bit)]
ValueError: invalid literal for int() with base 10: 'name'

During handling of the above exception, another exception occurred:

Traceback (most recent call last):
  File "/home/bhagyarsh/Desktop/Gmap/lib/python3.8/site-packages/django/template/base.py", line 848, in _resolve_lookup
    raise VariableDoesNotExist("Failed lookup for key "
django.template.base.VariableDoesNotExist: Failed lookup for key [name] in <URLResolver <URLPattern list> (admin:admin) 'admin/'>
Exception while resolving variable 'name' in template 'unknown'.
Traceback (most recent call last):
  File "/home/bhagyarsh/Desktop/Gmap/lib/python3.8/site-packages/django/core/handlers/exception.py", line 47, in inner
    response = get_response(request)
  File "/home/bhagyarsh/Desktop/Gmap/lib/python3.8/site-packages/django/core/handlers/base.py", line 165, in _get_response
    callback, callback_args, callback_kwargs = self.resolve_request(request)
  File "/home/bhagyarsh/Desktop/Gmap/lib/python3.8/site-packages/django/core/handlers/base.py", line 288, in resolve_request
    resolver_match = resolver.resolve(request.path_info)
  File "/home/bhagyarsh/Desktop/Gmap/lib/python3.8/site-packages/django/urls/resolvers.py", line 576, in resolve
    raise Resolver404({'tried': tried, 'path': new_path})
django.urls.exceptions.Resolver404: {'tried': [[<URLResolver <URLPattern list> (admin:admin) 'admin/'>], [<URLResolver <module 'accounts.urls' from '/home/bhagyarsh/Desktop/Gmap/src/accounts/urls.py'> (None:None) ''>, <URLResolver <module 'accounts.api.urls' from '/home/bhagyarsh/Desktop/Gmap/src/accounts/api/urls.py'> (None:None) 'api/'>]], 'path': 'favicon.ico'}

During handling of the above exception, another exception occurred:

Traceback (most recent call last):
  File "/home/bhagyarsh/Desktop/Gmap/lib/python3.8/site-packages/django/template/base.py", line 829, in _resolve_lookup
    current = current[bit]
TypeError: 'URLResolver' object is not subscriptable

During handling of the above exception, another exception occurred:

Traceback (most recent call last):
  File "/home/bhagyarsh/Desktop/Gmap/lib/python3.8/site-packages/django/template/base.py", line 837, in _resolve_lookup
    current = getattr(current, bit)
AttributeError: 'URLResolver' object has no attribute 'name'

During handling of the above exception, another exception occurred:

Traceback (most recent call last):
  File "/home/bhagyarsh/Desktop/Gmap/lib/python3.8/site-packages/django/template/base.py", line 843, in _resolve_lookup
    current = current[int(bit)]
ValueError: invalid literal for int() with base 10: 'name'

During handling of the above exception, another exception occurred:

Traceback (most recent call last):
  File "/home/bhagyarsh/Desktop/Gmap/lib/python3.8/site-packages/django/template/base.py", line 848, in _resolve_lookup
    raise VariableDoesNotExist("Failed lookup for key "
django.template.base.VariableDoesNotExist: Failed lookup for key [name] in <URLResolver <module 'accounts.api.urls' from '/home/bhagyarsh/Desktop/Gmap/src/accounts/api/urls.py'> (None:None) 'api/'>
Not Found: /favicon.ico
"GET /favicon.ico HTTP/1.1" 404 2121
File /home/bhagyarsh/Desktop/Gmap/lib/python3.8/site-packages/django/contrib/messages/storage/session.py first seen with mtime 1609636415.9936078
File /home/bhagyarsh/Desktop/Gmap/lib/python3.8/site-packages/whitenoise/compress.py first seen with mtime 1610187284.2888339
File /home/bhagyarsh/Desktop/Gmap/lib/python3.8/site-packages/django/template/loaders/filesystem.py first seen with mtime 1609636416.103607
File /home/bhagyarsh/Desktop/Gmap/lib/python3.8/site-packages/django/contrib/sessions/serializers.py first seen with mtime 1609636416.0269408
File /home/bhagyarsh/Desktop/Gmap/lib/python3.8/site-packages/django/template/loaders/__init__.py first seen with mtime 1609636416.103607
File /home/bhagyarsh/Desktop/Gmap/lib/python3.8/site-packages/django/contrib/messages/storage/fallback.py first seen with mtime 1609636415.9936078
File /home/bhagyarsh/Desktop/Gmap/lib/python3.8/site-packages/django/conf/locale/en/formats.py first seen with mtime 1609636415.7369428
File /usr/lib/python3.8/textwrap.py first seen with mtime 1601438438.0
File /home/bhagyarsh/Desktop/Gmap/lib/python3.8/site-packages/django/template/context_processors.py first seen with mtime 1609636416.1002736
File /home/bhagyarsh/Desktop/Gmap/lib/python3.8/site-packages/django/contrib/messages/storage/base.py first seen with mtime 1609636415.9936078
File /home/bhagyarsh/Desktop/Gmap/lib/python3.8/site-packages/whitenoise/storage.py first seen with mtime 1610187284.2888339
File /home/bhagyarsh/Desktop/Gmap/lib/python3.8/site-packages/django/contrib/auth/context_processors.py first seen with mtime 1609636415.880275
File /home/bhagyarsh/Desktop/Gmap/lib/python3.8/site-packages/django/template/loaders/app_directories.py first seen with mtime 1609636416.103607
File /home/bhagyarsh/Desktop/Gmap/lib/python3.8/site-packages/django/contrib/messages/context_processors.py first seen with mtime 1609636415.9936078
File /home/bhagyarsh/Desktop/Gmap/lib/python3.8/site-packages/django/contrib/messages/storage/cookie.py first seen with mtime 1609636415.9936078
File /home/bhagyarsh/Desktop/Gmap/lib/python3.8/site-packages/django/conf/locale/en/__init__.py first seen with mtime 1609636415.7369428
File /home/bhagyarsh/Desktop/Gmap/lib/python3.8/site-packages/django/contrib/messages/utils.py first seen with mtime 1609636415.9936078
File /home/bhagyarsh/Desktop/Gmap/lib/python3.8/site-packages/django/template/loaders/base.py first seen with mtime 1609636416.103607
(0.001) SELECT "accounts_user"."id", "accounts_user"."password", "accounts_user"."last_login", "accounts_user"."username", "accounts_user"."firstname", "accounts_user"."lastname", "accounts_user"."Verified", "accounts_user"."active", "accounts_user"."staff", "accounts_user"."admin", "accounts_user"."timestamp" FROM "accounts_user" WHERE "accounts_user"."username" = 'bhagyarsh' LIMIT 21; args=('bhagyarsh',)
(0.005) UPDATE "accounts_user" SET "password" = 'pbkdf2_sha256$216000$ttTBbU4B23EZ$T2KqDQp3WCPJvDcRt9Yhu+x6T1LGJOqcXMlv+6LNyp0=' WHERE "accounts_user"."id" = 1; args=('pbkdf2_sha256$216000$ttTBbU4B23EZ$T2KqDQp3WCPJvDcRt9Yhu+x6T1LGJOqcXMlv+6LNyp0=', 1)
Exception while resolving variable 'hide_label' in template 'rest_framework/horizontal/input.html'.
Traceback (most recent call last):
  File "/home/bhagyarsh/Desktop/Gmap/lib/python3.8/site-packages/django/template/base.py", line 829, in _resolve_lookup
    current = current[bit]
KeyError: 'hide_label'

During handling of the above exception, another exception occurred:

Traceback (most recent call last):
  File "/home/bhagyarsh/Desktop/Gmap/lib/python3.8/site-packages/django/template/base.py", line 837, in _resolve_lookup
    current = getattr(current, bit)
AttributeError: 'dict' object has no attribute 'hide_label'

During handling of the above exception, another exception occurred:

Traceback (most recent call last):
  File "/home/bhagyarsh/Desktop/Gmap/lib/python3.8/site-packages/django/template/base.py", line 843, in _resolve_lookup
    current = current[int(bit)]
ValueError: invalid literal for int() with base 10: 'hide_label'

During handling of the above exception, another exception occurred:

Traceback (most recent call last):
  File "/home/bhagyarsh/Desktop/Gmap/lib/python3.8/site-packages/django/template/base.py", line 848, in _resolve_lookup
    raise VariableDoesNotExist("Failed lookup for key "
django.template.base.VariableDoesNotExist: Failed lookup for key [hide_label] in {'base_template': 'input.html', 'input_type': 'text', 'template_pack': 'rest_framework/horizontal', 'renderer': <rest_framework.renderers.HTMLFormRenderer object at 0x7fdb48587880>}
Exception while resolving variable 'placeholder' in template 'rest_framework/horizontal/input.html'.
Traceback (most recent call last):
  File "/home/bhagyarsh/Desktop/Gmap/lib/python3.8/site-packages/django/template/base.py", line 829, in _resolve_lookup
    current = current[bit]
KeyError: 'placeholder'

During handling of the above exception, another exception occurred:

Traceback (most recent call last):
  File "/home/bhagyarsh/Desktop/Gmap/lib/python3.8/site-packages/django/template/base.py", line 837, in _resolve_lookup
    current = getattr(current, bit)
AttributeError: 'dict' object has no attribute 'placeholder'

During handling of the above exception, another exception occurred:

Traceback (most recent call last):
  File "/home/bhagyarsh/Desktop/Gmap/lib/python3.8/site-packages/django/template/base.py", line 843, in _resolve_lookup
    current = current[int(bit)]
ValueError: invalid literal for int() with base 10: 'placeholder'

During handling of the above exception, another exception occurred:

Traceback (most recent call last):
  File "/home/bhagyarsh/Desktop/Gmap/lib/python3.8/site-packages/django/template/base.py", line 848, in _resolve_lookup
    raise VariableDoesNotExist("Failed lookup for key "
django.template.base.VariableDoesNotExist: Failed lookup for key [placeholder] in {'base_template': 'input.html', 'input_type': 'text', 'template_pack': 'rest_framework/horizontal', 'renderer': <rest_framework.renderers.HTMLFormRenderer object at 0x7fdb48587880>}
Exception while resolving variable 'autofocus' in template 'rest_framework/horizontal/input.html'.
Traceback (most recent call last):
  File "/home/bhagyarsh/Desktop/Gmap/lib/python3.8/site-packages/django/template/base.py", line 829, in _resolve_lookup
    current = current[bit]
KeyError: 'autofocus'

During handling of the above exception, another exception occurred:

Traceback (most recent call last):
  File "/home/bhagyarsh/Desktop/Gmap/lib/python3.8/site-packages/django/template/base.py", line 837, in _resolve_lookup
    current = getattr(current, bit)
AttributeError: 'dict' object has no attribute 'autofocus'

During handling of the above exception, another exception occurred:

Traceback (most recent call last):
  File "/home/bhagyarsh/Desktop/Gmap/lib/python3.8/site-packages/django/template/base.py", line 843, in _resolve_lookup
    current = current[int(bit)]
ValueError: invalid literal for int() with base 10: 'autofocus'

During handling of the above exception, another exception occurred:

Traceback (most recent call last):
  File "/home/bhagyarsh/Desktop/Gmap/lib/python3.8/site-packages/django/template/base.py", line 848, in _resolve_lookup
    raise VariableDoesNotExist("Failed lookup for key "
django.template.base.VariableDoesNotExist: Failed lookup for key [autofocus] in {'base_template': 'input.html', 'input_type': 'text', 'template_pack': 'rest_framework/horizontal', 'renderer': <rest_framework.renderers.HTMLFormRenderer object at 0x7fdb48587880>}
Exception while resolving variable 'hide_label' in template 'rest_framework/horizontal/input.html'.
Traceback (most recent call last):
  File "/home/bhagyarsh/Desktop/Gmap/lib/python3.8/site-packages/django/template/base.py", line 829, in _resolve_lookup
    current = current[bit]
KeyError: 'hide_label'

During handling of the above exception, another exception occurred:

Traceback (most recent call last):
  File "/home/bhagyarsh/Desktop/Gmap/lib/python3.8/site-packages/django/template/base.py", line 837, in _resolve_lookup
    current = getattr(current, bit)
AttributeError: 'dict' object has no attribute 'hide_label'

During handling of the above exception, another exception occurred:

Traceback (most recent call last):
  File "/home/bhagyarsh/Desktop/Gmap/lib/python3.8/site-packages/django/template/base.py", line 843, in _resolve_lookup
    current = current[int(bit)]
ValueError: invalid literal for int() with base 10: 'hide_label'

During handling of the above exception, another exception occurred:

Traceback (most recent call last):
  File "/home/bhagyarsh/Desktop/Gmap/lib/python3.8/site-packages/django/template/base.py", line 848, in _resolve_lookup
    raise VariableDoesNotExist("Failed lookup for key "
django.template.base.VariableDoesNotExist: Failed lookup for key [hide_label] in {'base_template': 'input.html', 'input_type': 'password', 'template_pack': 'rest_framework/horizontal', 'renderer': <rest_framework.renderers.HTMLFormRenderer object at 0x7fdb48587880>}
Exception while resolving variable 'placeholder' in template 'rest_framework/horizontal/input.html'.
Traceback (most recent call last):
  File "/home/bhagyarsh/Desktop/Gmap/lib/python3.8/site-packages/django/template/base.py", line 829, in _resolve_lookup
    current = current[bit]
KeyError: 'placeholder'

During handling of the above exception, another exception occurred:

Traceback (most recent call last):
  File "/home/bhagyarsh/Desktop/Gmap/lib/python3.8/site-packages/django/template/base.py", line 837, in _resolve_lookup
    current = getattr(current, bit)
AttributeError: 'dict' object has no attribute 'placeholder'

During handling of the above exception, another exception occurred:

Traceback (most recent call last):
  File "/home/bhagyarsh/Desktop/Gmap/lib/python3.8/site-packages/django/template/base.py", line 843, in _resolve_lookup
    current = current[int(bit)]
ValueError: invalid literal for int() with base 10: 'placeholder'

During handling of the above exception, another exception occurred:

Traceback (most recent call last):
  File "/home/bhagyarsh/Desktop/Gmap/lib/python3.8/site-packages/django/template/base.py", line 848, in _resolve_lookup
    raise VariableDoesNotExist("Failed lookup for key "
django.template.base.VariableDoesNotExist: Failed lookup for key [placeholder] in {'base_template': 'input.html', 'input_type': 'password', 'template_pack': 'rest_framework/horizontal', 'renderer': <rest_framework.renderers.HTMLFormRenderer object at 0x7fdb48587880>}
Exception while resolving variable 'autofocus' in template 'rest_framework/horizontal/input.html'.
Traceback (most recent call last):
  File "/home/bhagyarsh/Desktop/Gmap/lib/python3.8/site-packages/django/template/base.py", line 829, in _resolve_lookup
    current = current[bit]
KeyError: 'autofocus'

During handling of the above exception, another exception occurred:

Traceback (most recent call last):
  File "/home/bhagyarsh/Desktop/Gmap/lib/python3.8/site-packages/django/template/base.py", line 837, in _resolve_lookup
    current = getattr(current, bit)
AttributeError: 'dict' object has no attribute 'autofocus'

During handling of the above exception, another exception occurred:

Traceback (most recent call last):
  File "/home/bhagyarsh/Desktop/Gmap/lib/python3.8/site-packages/django/template/base.py", line 843, in _resolve_lookup
    current = current[int(bit)]
ValueError: invalid literal for int() with base 10: 'autofocus'

During handling of the above exception, another exception occurred:

Traceback (most recent call last):
  File "/home/bhagyarsh/Desktop/Gmap/lib/python3.8/site-packages/django/template/base.py", line 848, in _resolve_lookup
    raise VariableDoesNotExist("Failed lookup for key "
django.template.base.VariableDoesNotExist: Failed lookup for key [autofocus] in {'base_template': 'input.html', 'input_type': 'password', 'template_pack': 'rest_framework/horizontal', 'renderer': <rest_framework.renderers.HTMLFormRenderer object at 0x7fdb48587880>}
"POST /api/user HTTP/1.1" 200 7963
(0.000) SELECT "accounts_user"."id", "accounts_user"."password", "accounts_user"."last_login", "accounts_user"."username", "accounts_user"."firstname", "accounts_user"."lastname", "accounts_user"."Verified", "accounts_user"."active", "accounts_user"."staff", "accounts_user"."admin", "accounts_user"."timestamp" FROM "accounts_user" WHERE "accounts_user"."username" = 'bhagyarsh' LIMIT 21; args=('bhagyarsh',)
"POST /api/user HTTP/1.1" 200 282
